    1C
    1UUSER                                                              
    1UDATE              23.may.2026                                     
    1UTIME              13:55:59                                        
    1UHOST                                                              
    1UPGM               CalculiX                                        
    1UVERSION           Version 2.22                             
    1UCOMPILETIME       Mon Aug  5 19:15:25 CEST 2024                    
    1UDIR                                                               
    1UDBN                                                               
    1UMAT    1STAHL                                                     
    2C                           336                                     1
 -1         1 0.00000E+00 0.00000E+00 0.00000E+00
 -1         2 1.00000E+01 0.00000E+00 0.00000E+00
 -1         3 2.00000E+01 0.00000E+00 0.00000E+00
 -1         4 3.00000E+01 0.00000E+00 0.00000E+00
 -1         5 4.00000E+01 0.00000E+00 0.00000E+00
 -1         6 5.00000E+01 0.00000E+00 0.00000E+00
 -1         7 6.00000E+01 0.00000E+00 0.00000E+00
 -1         8 7.00000E+01 0.00000E+00 0.00000E+00
 -1         9 8.00000E+01 0.00000E+00 0.00000E+00
 -1        10 9.00000E+01 0.00000E+00 0.00000E+00
 -1        11 1.00000E+02 0.00000E+00 0.00000E+00
 -1        12 1.10000E+02 0.00000E+00 0.00000E+00
 -1        13 1.20000E+02 0.00000E+00 0.00000E+00
 -1        14 1.30000E+02 0.00000E+00 0.00000E+00
 -1        15 1.40000E+02 0.00000E+00 0.00000E+00
 -1        16 1.50000E+02 0.00000E+00 0.00000E+00
 -1        17 1.60000E+02 0.00000E+00 0.00000E+00
 -1        18 1.70000E+02 0.00000E+00 0.00000E+00
 -1        19 1.80000E+02 0.00000E+00 0.00000E+00
 -1        20 1.90000E+02 0.00000E+00 0.00000E+00
 -1        21 2.00000E+02 0.00000E+00 0.00000E+00
 -1        22 0.00000E+00 1.00000E+01 0.00000E+00
 -1        23 1.00000E+01 1.00000E+01 0.00000E+00
 -1        24 2.00000E+01 1.00000E+01 0.00000E+00
 -1        25 3.00000E+01 1.00000E+01 0.00000E+00
 -1        26 4.00000E+01 1.00000E+01 0.00000E+00
 -1        27 5.00000E+01 1.00000E+01 0.00000E+00
 -1        28 6.00000E+01 1.00000E+01 0.00000E+00
 -1        29 7.00000E+01 1.00000E+01 0.00000E+00
 -1        30 8.00000E+01 1.00000E+01 0.00000E+00
 -1        31 9.00000E+01 1.00000E+01 0.00000E+00
 -1        32 1.00000E+02 1.00000E+01 0.00000E+00
 -1        33 1.10000E+02 1.00000E+01 0.00000E+00
 -1        34 1.20000E+02 1.00000E+01 0.00000E+00
 -1        35 1.30000E+02 1.00000E+01 0.00000E+00
 -1        36 1.40000E+02 1.00000E+01 0.00000E+00
 -1        37 1.50000E+02 1.00000E+01 0.00000E+00
 -1        38 1.60000E+02 1.00000E+01 0.00000E+00
 -1        39 1.70000E+02 1.00000E+01 0.00000E+00
 -1        40 1.80000E+02 1.00000E+01 0.00000E+00
 -1        41 1.90000E+02 1.00000E+01 0.00000E+00
 -1        42 2.00000E+02 1.00000E+01 0.00000E+00
 -1        43 0.00000E+00 2.00000E+01 0.00000E+00
 -1        44 1.00000E+01 2.00000E+01 0.00000E+00
 -1        45 2.00000E+01 2.00000E+01 0.00000E+00
 -1        46 3.00000E+01 2.00000E+01 0.00000E+00
 -1        47 4.00000E+01 2.00000E+01 0.00000E+00
 -1        48 5.00000E+01 2.00000E+01 0.00000E+00
 -1        49 6.00000E+01 2.00000E+01 0.00000E+00
 -1        50 7.00000E+01 2.00000E+01 0.00000E+00
 -1        51 8.00000E+01 2.00000E+01 0.00000E+00
 -1        52 9.00000E+01 2.00000E+01 0.00000E+00
 -1        53 1.00000E+02 2.00000E+01 0.00000E+00
 -1        54 1.10000E+02 2.00000E+01 0.00000E+00
 -1        55 1.20000E+02 2.00000E+01 0.00000E+00
 -1        56 1.30000E+02 2.00000E+01 0.00000E+00
 -1        57 1.40000E+02 2.00000E+01 0.00000E+00
 -1        58 1.50000E+02 2.00000E+01 0.00000E+00
 -1        59 1.60000E+02 2.00000E+01 0.00000E+00
 -1        60 1.70000E+02 2.00000E+01 0.00000E+00
 -1        61 1.80000E+02 2.00000E+01 0.00000E+00
 -1        62 1.90000E+02 2.00000E+01 0.00000E+00
 -1        63 2.00000E+02 2.00000E+01 0.00000E+00
 -1        64 0.00000E+00 3.00000E+01 0.00000E+00
 -1        65 1.00000E+01 3.00000E+01 0.00000E+00
 -1        66 2.00000E+01 3.00000E+01 0.00000E+00
 -1        67 3.00000E+01 3.00000E+01 0.00000E+00
 -1        68 4.00000E+01 3.00000E+01 0.00000E+00
 -1        69 5.00000E+01 3.00000E+01 0.00000E+00
 -1        70 6.00000E+01 3.00000E+01 0.00000E+00
 -1        71 7.00000E+01 3.00000E+01 0.00000E+00
 -1        72 8.00000E+01 3.00000E+01 0.00000E+00
 -1        73 9.00000E+01 3.00000E+01 0.00000E+00
 -1        74 1.00000E+02 3.00000E+01 0.00000E+00
 -1        75 1.10000E+02 3.00000E+01 0.00000E+00
 -1        76 1.20000E+02 3.00000E+01 0.00000E+00
 -1        77 1.30000E+02 3.00000E+01 0.00000E+00
 -1        78 1.40000E+02 3.00000E+01 0.00000E+00
 -1        79 1.50000E+02 3.00000E+01 0.00000E+00
 -1        80 1.60000E+02 3.00000E+01 0.00000E+00
 -1        81 1.70000E+02 3.00000E+01 0.00000E+00
 -1        82 1.80000E+02 3.00000E+01 0.00000E+00
 -1        83 1.90000E+02 3.00000E+01 0.00000E+00
 -1        84 2.00000E+02 3.00000E+01 0.00000E+00
 -1        85 0.00000E+00 0.00000E+00 1.00000E+01
 -1        86 1.00000E+01 0.00000E+00 1.00000E+01
 -1        87 2.00000E+01 0.00000E+00 1.00000E+01
 -1        88 3.00000E+01 0.00000E+00 1.00000E+01
 -1        89 4.00000E+01 0.00000E+00 1.00000E+01
 -1        90 5.00000E+01 0.00000E+00 1.00000E+01
 -1        91 6.00000E+01 0.00000E+00 1.00000E+01
 -1        92 7.00000E+01 0.00000E+00 1.00000E+01
 -1        93 8.00000E+01 0.00000E+00 1.00000E+01
 -1        94 9.00000E+01 0.00000E+00 1.00000E+01
 -1        95 1.00000E+02 0.00000E+00 1.00000E+01
 -1        96 1.10000E+02 0.00000E+00 1.00000E+01
 -1        97 1.20000E+02 0.00000E+00 1.00000E+01
 -1        98 1.30000E+02 0.00000E+00 1.00000E+01
 -1        99 1.40000E+02 0.00000E+00 1.00000E+01
 -1       100 1.50000E+02 0.00000E+00 1.00000E+01
 -1       101 1.60000E+02 0.00000E+00 1.00000E+01
 -1       102 1.70000E+02 0.00000E+00 1.00000E+01
 -1       103 1.80000E+02 0.00000E+00 1.00000E+01
 -1       104 1.90000E+02 0.00000E+00 1.00000E+01
 -1       105 2.00000E+02 0.00000E+00 1.00000E+01
 -1       106 0.00000E+00 1.00000E+01 1.00000E+01
 -1       107 1.00000E+01 1.00000E+01 1.00000E+01
 -1       108 2.00000E+01 1.00000E+01 1.00000E+01
 -1       109 3.00000E+01 1.00000E+01 1.00000E+01
 -1       110 4.00000E+01 1.00000E+01 1.00000E+01
 -1       111 5.00000E+01 1.00000E+01 1.00000E+01
 -1       112 6.00000E+01 1.00000E+01 1.00000E+01
 -1       113 7.00000E+01 1.00000E+01 1.00000E+01
 -1       114 8.00000E+01 1.00000E+01 1.00000E+01
 -1       115 9.00000E+01 1.00000E+01 1.00000E+01
 -1       116 1.00000E+02 1.00000E+01 1.00000E+01
 -1       117 1.10000E+02 1.00000E+01 1.00000E+01
 -1       118 1.20000E+02 1.00000E+01 1.00000E+01
 -1       119 1.30000E+02 1.00000E+01 1.00000E+01
 -1       120 1.40000E+02 1.00000E+01 1.00000E+01
 -1       121 1.50000E+02 1.00000E+01 1.00000E+01
 -1       122 1.60000E+02 1.00000E+01 1.00000E+01
 -1       123 1.70000E+02 1.00000E+01 1.00000E+01
 -1       124 1.80000E+02 1.00000E+01 1.00000E+01
 -1       125 1.90000E+02 1.00000E+01 1.00000E+01
 -1       126 2.00000E+02 1.00000E+01 1.00000E+01
 -1       127 0.00000E+00 2.00000E+01 1.00000E+01
 -1       128 1.00000E+01 2.00000E+01 1.00000E+01
 -1       129 2.00000E+01 2.00000E+01 1.00000E+01
 -1       130 3.00000E+01 2.00000E+01 1.00000E+01
 -1       131 4.00000E+01 2.00000E+01 1.00000E+01
 -1       132 5.00000E+01 2.00000E+01 1.00000E+01
 -1       133 6.00000E+01 2.00000E+01 1.00000E+01
 -1       134 7.00000E+01 2.00000E+01 1.00000E+01
 -1       135 8.00000E+01 2.00000E+01 1.00000E+01
 -1       136 9.00000E+01 2.00000E+01 1.00000E+01
 -1       137 1.00000E+02 2.00000E+01 1.00000E+01
 -1       138 1.10000E+02 2.00000E+01 1.00000E+01
 -1       139 1.20000E+02 2.00000E+01 1.00000E+01
 -1       140 1.30000E+02 2.00000E+01 1.00000E+01
 -1       141 1.40000E+02 2.00000E+01 1.00000E+01
 -1       142 1.50000E+02 2.00000E+01 1.00000E+01
 -1       143 1.60000E+02 2.00000E+01 1.00000E+01
 -1       144 1.70000E+02 2.00000E+01 1.00000E+01
 -1       145 1.80000E+02 2.00000E+01 1.00000E+01
 -1       146 1.90000E+02 2.00000E+01 1.00000E+01
 -1       147 2.00000E+02 2.00000E+01 1.00000E+01
 -1       148 0.00000E+00 3.00000E+01 1.00000E+01
 -1       149 1.00000E+01 3.00000E+01 1.00000E+01
 -1       150 2.00000E+01 3.00000E+01 1.00000E+01
 -1       151 3.00000E+01 3.00000E+01 1.00000E+01
 -1       152 4.00000E+01 3.00000E+01 1.00000E+01
 -1       153 5.00000E+01 3.00000E+01 1.00000E+01
 -1       154 6.00000E+01 3.00000E+01 1.00000E+01
 -1       155 7.00000E+01 3.00000E+01 1.00000E+01
 -1       156 8.00000E+01 3.00000E+01 1.00000E+01
 -1       157 9.00000E+01 3.00000E+01 1.00000E+01
 -1       158 1.00000E+02 3.00000E+01 1.00000E+01
 -1       159 1.10000E+02 3.00000E+01 1.00000E+01
 -1       160 1.20000E+02 3.00000E+01 1.00000E+01
 -1       161 1.30000E+02 3.00000E+01 1.00000E+01
 -1       162 1.40000E+02 3.00000E+01 1.00000E+01
 -1       163 1.50000E+02 3.00000E+01 1.00000E+01
 -1       164 1.60000E+02 3.00000E+01 1.00000E+01
 -1       165 1.70000E+02 3.00000E+01 1.00000E+01
 -1       166 1.80000E+02 3.00000E+01 1.00000E+01
 -1       167 1.90000E+02 3.00000E+01 1.00000E+01
 -1       168 2.00000E+02 3.00000E+01 1.00000E+01
 -1       169 0.00000E+00 0.00000E+00 2.00000E+01
 -1       170 1.00000E+01 0.00000E+00 2.00000E+01
 -1       171 2.00000E+01 0.00000E+00 2.00000E+01
 -1       172 3.00000E+01 0.00000E+00 2.00000E+01
 -1       173 4.00000E+01 0.00000E+00 2.00000E+01
 -1       174 5.00000E+01 0.00000E+00 2.00000E+01
 -1       175 6.00000E+01 0.00000E+00 2.00000E+01
 -1       176 7.00000E+01 0.00000E+00 2.00000E+01
 -1       177 8.00000E+01 0.00000E+00 2.00000E+01
 -1       178 9.00000E+01 0.00000E+00 2.00000E+01
 -1       179 1.00000E+02 0.00000E+00 2.00000E+01
 -1       180 1.10000E+02 0.00000E+00 2.00000E+01
 -1       181 1.20000E+02 0.00000E+00 2.00000E+01
 -1       182 1.30000E+02 0.00000E+00 2.00000E+01
 -1       183 1.40000E+02 0.00000E+00 2.00000E+01
 -1       184 1.50000E+02 0.00000E+00 2.00000E+01
 -1       185 1.60000E+02 0.00000E+00 2.00000E+01
 -1       186 1.70000E+02 0.00000E+00 2.00000E+01
 -1       187 1.80000E+02 0.00000E+00 2.00000E+01
 -1       188 1.90000E+02 0.00000E+00 2.00000E+01
 -1       189 2.00000E+02 0.00000E+00 2.00000E+01
 -1       190 0.00000E+00 1.00000E+01 2.00000E+01
 -1       191 1.00000E+01 1.00000E+01 2.00000E+01
 -1       192 2.00000E+01 1.00000E+01 2.00000E+01
 -1       193 3.00000E+01 1.00000E+01 2.00000E+01
 -1       194 4.00000E+01 1.00000E+01 2.00000E+01
 -1       195 5.00000E+01 1.00000E+01 2.00000E+01
 -1       196 6.00000E+01 1.00000E+01 2.00000E+01
 -1       197 7.00000E+01 1.00000E+01 2.00000E+01
 -1       198 8.00000E+01 1.00000E+01 2.00000E+01
 -1       199 9.00000E+01 1.00000E+01 2.00000E+01
 -1       200 1.00000E+02 1.00000E+01 2.00000E+01
 -1       201 1.10000E+02 1.00000E+01 2.00000E+01
 -1       202 1.20000E+02 1.00000E+01 2.00000E+01
 -1       203 1.30000E+02 1.00000E+01 2.00000E+01
 -1       204 1.40000E+02 1.00000E+01 2.00000E+01
 -1       205 1.50000E+02 1.00000E+01 2.00000E+01
 -1       206 1.60000E+02 1.00000E+01 2.00000E+01
 -1       207 1.70000E+02 1.00000E+01 2.00000E+01
 -1       208 1.80000E+02 1.00000E+01 2.00000E+01
 -1       209 1.90000E+02 1.00000E+01 2.00000E+01
 -1       210 2.00000E+02 1.00000E+01 2.00000E+01
 -1       211 0.00000E+00 2.00000E+01 2.00000E+01
 -1       212 1.00000E+01 2.00000E+01 2.00000E+01
 -1       213 2.00000E+01 2.00000E+01 2.00000E+01
 -1       214 3.00000E+01 2.00000E+01 2.00000E+01
 -1       215 4.00000E+01 2.00000E+01 2.00000E+01
 -1       216 5.00000E+01 2.00000E+01 2.00000E+01
 -1       217 6.00000E+01 2.00000E+01 2.00000E+01
 -1       218 7.00000E+01 2.00000E+01 2.00000E+01
 -1       219 8.00000E+01 2.00000E+01 2.00000E+01
 -1       220 9.00000E+01 2.00000E+01 2.00000E+01
 -1       221 1.00000E+02 2.00000E+01 2.00000E+01
 -1       222 1.10000E+02 2.00000E+01 2.00000E+01
 -1       223 1.20000E+02 2.00000E+01 2.00000E+01
 -1       224 1.30000E+02 2.00000E+01 2.00000E+01
 -1       225 1.40000E+02 2.00000E+01 2.00000E+01
 -1       226 1.50000E+02 2.00000E+01 2.00000E+01
 -1       227 1.60000E+02 2.00000E+01 2.00000E+01
 -1       228 1.70000E+02 2.00000E+01 2.00000E+01
 -1       229 1.80000E+02 2.00000E+01 2.00000E+01
 -1       230 1.90000E+02 2.00000E+01 2.00000E+01
 -1       231 2.00000E+02 2.00000E+01 2.00000E+01
 -1       232 0.00000E+00 3.00000E+01 2.00000E+01
 -1       233 1.00000E+01 3.00000E+01 2.00000E+01
 -1       234 2.00000E+01 3.00000E+01 2.00000E+01
 -1       235 3.00000E+01 3.00000E+01 2.00000E+01
 -1       236 4.00000E+01 3.00000E+01 2.00000E+01
 -1       237 5.00000E+01 3.00000E+01 2.00000E+01
 -1       238 6.00000E+01 3.00000E+01 2.00000E+01
 -1       239 7.00000E+01 3.00000E+01 2.00000E+01
 -1       240 8.00000E+01 3.00000E+01 2.00000E+01
 -1       241 9.00000E+01 3.00000E+01 2.00000E+01
 -1       242 1.00000E+02 3.00000E+01 2.00000E+01
 -1       243 1.10000E+02 3.00000E+01 2.00000E+01
 -1       244 1.20000E+02 3.00000E+01 2.00000E+01
 -1       245 1.30000E+02 3.00000E+01 2.00000E+01
 -1       246 1.40000E+02 3.00000E+01 2.00000E+01
 -1       247 1.50000E+02 3.00000E+01 2.00000E+01
 -1       248 1.60000E+02 3.00000E+01 2.00000E+01
 -1       249 1.70000E+02 3.00000E+01 2.00000E+01
 -1       250 1.80000E+02 3.00000E+01 2.00000E+01
 -1       251 1.90000E+02 3.00000E+01 2.00000E+01
 -1       252 2.00000E+02 3.00000E+01 2.00000E+01
 -1       253 0.00000E+00 0.00000E+00 3.00000E+01
 -1       254 1.00000E+01 0.00000E+00 3.00000E+01
 -1       255 2.00000E+01 0.00000E+00 3.00000E+01
 -1       256 3.00000E+01 0.00000E+00 3.00000E+01
 -1       257 4.00000E+01 0.00000E+00 3.00000E+01
 -1       258 5.00000E+01 0.00000E+00 3.00000E+01
 -1       259 6.00000E+01 0.00000E+00 3.00000E+01
 -1       260 7.00000E+01 0.00000E+00 3.00000E+01
 -1       261 8.00000E+01 0.00000E+00 3.00000E+01
 -1       262 9.00000E+01 0.00000E+00 3.00000E+01
 -1       263 1.00000E+02 0.00000E+00 3.00000E+01
 -1       264 1.10000E+02 0.00000E+00 3.00000E+01
 -1       265 1.20000E+02 0.00000E+00 3.00000E+01
 -1       266 1.30000E+02 0.00000E+00 3.00000E+01
 -1       267 1.40000E+02 0.00000E+00 3.00000E+01
 -1       268 1.50000E+02 0.00000E+00 3.00000E+01
 -1       269 1.60000E+02 0.00000E+00 3.00000E+01
 -1       270 1.70000E+02 0.00000E+00 3.00000E+01
 -1       271 1.80000E+02 0.00000E+00 3.00000E+01
 -1       272 1.90000E+02 0.00000E+00 3.00000E+01
 -1       273 2.00000E+02 0.00000E+00 3.00000E+01
 -1       274 0.00000E+00 1.00000E+01 3.00000E+01
 -1       275 1.00000E+01 1.00000E+01 3.00000E+01
 -1       276 2.00000E+01 1.00000E+01 3.00000E+01
 -1       277 3.00000E+01 1.00000E+01 3.00000E+01
 -1       278 4.00000E+01 1.00000E+01 3.00000E+01
 -1       279 5.00000E+01 1.00000E+01 3.00000E+01
 -1       280 6.00000E+01 1.00000E+01 3.00000E+01
 -1       281 7.00000E+01 1.00000E+01 3.00000E+01
 -1       282 8.00000E+01 1.00000E+01 3.00000E+01
 -1       283 9.00000E+01 1.00000E+01 3.00000E+01
 -1       284 1.00000E+02 1.00000E+01 3.00000E+01
 -1       285 1.10000E+02 1.00000E+01 3.00000E+01
 -1       286 1.20000E+02 1.00000E+01 3.00000E+01
 -1       287 1.30000E+02 1.00000E+01 3.00000E+01
 -1       288 1.40000E+02 1.00000E+01 3.00000E+01
 -1       289 1.50000E+02 1.00000E+01 3.00000E+01
 -1       290 1.60000E+02 1.00000E+01 3.00000E+01
 -1       291 1.70000E+02 1.00000E+01 3.00000E+01
 -1       292 1.80000E+02 1.00000E+01 3.00000E+01
 -1       293 1.90000E+02 1.00000E+01 3.00000E+01
 -1       294 2.00000E+02 1.00000E+01 3.00000E+01
 -1       295 0.00000E+00 2.00000E+01 3.00000E+01
 -1       296 1.00000E+01 2.00000E+01 3.00000E+01
 -1       297 2.00000E+01 2.00000E+01 3.00000E+01
 -1       298 3.00000E+01 2.00000E+01 3.00000E+01
 -1       299 4.00000E+01 2.00000E+01 3.00000E+01
 -1       300 5.00000E+01 2.00000E+01 3.00000E+01
 -1       301 6.00000E+01 2.00000E+01 3.00000E+01
 -1       302 7.00000E+01 2.00000E+01 3.00000E+01
 -1       303 8.00000E+01 2.00000E+01 3.00000E+01
 -1       304 9.00000E+01 2.00000E+01 3.00000E+01
 -1       305 1.00000E+02 2.00000E+01 3.00000E+01
 -1       306 1.10000E+02 2.00000E+01 3.00000E+01
 -1       307 1.20000E+02 2.00000E+01 3.00000E+01
 -1       308 1.30000E+02 2.00000E+01 3.00000E+01
 -1       309 1.40000E+02 2.00000E+01 3.00000E+01
 -1       310 1.50000E+02 2.00000E+01 3.00000E+01
 -1       311 1.60000E+02 2.00000E+01 3.00000E+01
 -1       312 1.70000E+02 2.00000E+01 3.00000E+01
 -1       313 1.80000E+02 2.00000E+01 3.00000E+01
 -1       314 1.90000E+02 2.00000E+01 3.00000E+01
 -1       315 2.00000E+02 2.00000E+01 3.00000E+01
 -1       316 0.00000E+00 3.00000E+01 3.00000E+01
 -1       317 1.00000E+01 3.00000E+01 3.00000E+01
 -1       318 2.00000E+01 3.00000E+01 3.00000E+01
 -1       319 3.00000E+01 3.00000E+01 3.00000E+01
 -1       320 4.00000E+01 3.00000E+01 3.00000E+01
 -1       321 5.00000E+01 3.00000E+01 3.00000E+01
 -1       322 6.00000E+01 3.00000E+01 3.00000E+01
 -1       323 7.00000E+01 3.00000E+01 3.00000E+01
 -1       324 8.00000E+01 3.00000E+01 3.00000E+01
 -1       325 9.00000E+01 3.00000E+01 3.00000E+01
 -1       326 1.00000E+02 3.00000E+01 3.00000E+01
 -1       327 1.10000E+02 3.00000E+01 3.00000E+01
 -1       328 1.20000E+02 3.00000E+01 3.00000E+01
 -1       329 1.30000E+02 3.00000E+01 3.00000E+01
 -1       330 1.40000E+02 3.00000E+01 3.00000E+01
 -1       331 1.50000E+02 3.00000E+01 3.00000E+01
 -1       332 1.60000E+02 3.00000E+01 3.00000E+01
 -1       333 1.70000E+02 3.00000E+01 3.00000E+01
 -1       334 1.80000E+02 3.00000E+01 3.00000E+01
 -1       335 1.90000E+02 3.00000E+01 3.00000E+01
 -1       336 2.00000E+02 3.00000E+01 3.00000E+01
 -3
    3C                           180                                     1
 -1         1    1    0    1
 -2         1         2        23        22        85        86       107       106
 -1         2    1    0    1
 -2        85        86       107       106       169       170       191       190
 -1         3    1    0    1
 -2       169       170       191       190       253       254       275       274
 -1         4    1    0    1
 -2        22        23        44        43       106       107       128       127
 -1         5    1    0    1
 -2       106       107       128       127       190       191       212       211
 -1         6    1    0    1
 -2       190       191       212       211       274       275       296       295
 -1         7    1    0    1
 -2        43        44        65        64       127       128       149       148
 -1         8    1    0    1
 -2       127       128       149       148       211       212       233       232
 -1         9    1    0    1
 -2       211       212       233       232       295       296       317       316
 -1        10    1    0    1
 -2         2         3        24        23        86        87       108       107
 -1        11    1    0    1
 -2        86        87       108       107       170       171       192       191
 -1        12    1    0    1
 -2       170       171       192       191       254       255       276       275
 -1        13    1    0    1
 -2        23        24        45        44       107       108       129       128
 -1        14    1    0    1
 -2       107       108       129       128       191       192       213       212
 -1        15    1    0    1
 -2       191       192       213       212       275       276       297       296
 -1        16    1    0    1
 -2        44        45        66        65       128       129       150       149
 -1        17    1    0    1
 -2       128       129       150       149       212       213       234       233
 -1        18    1    0    1
 -2       212       213       234       233       296       297       318       317
 -1        19    1    0    1
 -2         3         4        25        24        87        88       109       108
 -1        20    1    0    1
 -2        87        88       109       108       171       172       193       192
 -1        21    1    0    1
 -2       171       172       193       192       255       256       277       276
 -1        22    1    0    1
 -2        24        25        46        45       108       109       130       129
 -1        23    1    0    1
 -2       108       109       130       129       192       193       214       213
 -1        24    1    0    1
 -2       192       193       214       213       276       277       298       297
 -1        25    1    0    1
 -2        45        46        67        66       129       130       151       150
 -1        26    1    0    1
 -2       129       130       151       150       213       214       235       234
 -1        27    1    0    1
 -2       213       214       235       234       297       298       319       318
 -1        28    1    0    1
 -2         4         5        26        25        88        89       110       109
 -1        29    1    0    1
 -2        88        89       110       109       172       173       194       193
 -1        30    1    0    1
 -2       172       173       194       193       256       257       278       277
 -1        31    1    0    1
 -2        25        26        47        46       109       110       131       130
 -1        32    1    0    1
 -2       109       110       131       130       193       194       215       214
 -1        33    1    0    1
 -2       193       194       215       214       277       278       299       298
 -1        34    1    0    1
 -2        46        47        68        67       130       131       152       151
 -1        35    1    0    1
 -2       130       131       152       151       214       215       236       235
 -1        36    1    0    1
 -2       214       215       236       235       298       299       320       319
 -1        37    1    0    1
 -2         5         6        27        26        89        90       111       110
 -1        38    1    0    1
 -2        89        90       111       110       173       174       195       194
 -1        39    1    0    1
 -2       173       174       195       194       257       258       279       278
 -1        40    1    0    1
 -2        26        27        48        47       110       111       132       131
 -1        41    1    0    1
 -2       110       111       132       131       194       195       216       215
 -1        42    1    0    1
 -2       194       195       216       215       278       279       300       299
 -1        43    1    0    1
 -2        47        48        69        68       131       132       153       152
 -1        44    1    0    1
 -2       131       132       153       152       215       216       237       236
 -1        45    1    0    1
 -2       215       216       237       236       299       300       321       320
 -1        46    1    0    1
 -2         6         7        28        27        90        91       112       111
 -1        47    1    0    1
 -2        90        91       112       111       174       175       196       195
 -1        48    1    0    1
 -2       174       175       196       195       258       259       280       279
 -1        49    1    0    1
 -2        27        28        49        48       111       112       133       132
 -1        50    1    0    1
 -2       111       112       133       132       195       196       217       216
 -1        51    1    0    1
 -2       195       196       217       216       279       280       301       300
 -1        52    1    0    1
 -2        48        49        70        69       132       133       154       153
 -1        53    1    0    1
 -2       132       133       154       153       216       217       238       237
 -1        54    1    0    1
 -2       216       217       238       237       300       301       322       321
 -1        55    1    0    1
 -2         7         8        29        28        91        92       113       112
 -1        56    1    0    1
 -2        91        92       113       112       175       176       197       196
 -1        57    1    0    1
 -2       175       176       197       196       259       260       281       280
 -1        58    1    0    1
 -2        28        29        50        49       112       113       134       133
 -1        59    1    0    1
 -2       112       113       134       133       196       197       218       217
 -1        60    1    0    1
 -2       196       197       218       217       280       281       302       301
 -1        61    1    0    1
 -2        49        50        71        70       133       134       155       154
 -1        62    1    0    1
 -2       133       134       155       154       217       218       239       238
 -1        63    1    0    1
 -2       217       218       239       238       301       302       323       322
 -1        64    1    0    1
 -2         8         9        30        29        92        93       114       113
 -1        65    1    0    1
 -2        92        93       114       113       176       177       198       197
 -1        66    1    0    1
 -2       176       177       198       197       260       261       282       281
 -1        67    1    0    1
 -2        29        30        51        50       113       114       135       134
 -1        68    1    0    1
 -2       113       114       135       134       197       198       219       218
 -1        69    1    0    1
 -2       197       198       219       218       281       282       303       302
 -1        70    1    0    1
 -2        50        51        72        71       134       135       156       155
 -1        71    1    0    1
 -2       134       135       156       155       218       219       240       239
 -1        72    1    0    1
 -2       218       219       240       239       302       303       324       323
 -1        73    1    0    1
 -2         9        10        31        30        93        94       115       114
 -1        74    1    0    1
 -2        93        94       115       114       177       178       199       198
 -1        75    1    0    1
 -2       177       178       199       198       261       262       283       282
 -1        76    1    0    1
 -2        30        31        52        51       114       115       136       135
 -1        77    1    0    1
 -2       114       115       136       135       198       199       220       219
 -1        78    1    0    1
 -2       198       199       220       219       282       283       304       303
 -1        79    1    0    1
 -2        51        52        73        72       135       136       157       156
 -1        80    1    0    1
 -2       135       136       157       156       219       220       241       240
 -1        81    1    0    1
 -2       219       220       241       240       303       304       325       324
 -1        82    1    0    1
 -2        10        11        32        31        94        95       116       115
 -1        83    1    0    1
 -2        94        95       116       115       178       179       200       199
 -1        84    1    0    1
 -2       178       179       200       199       262       263       284       283
 -1        85    1    0    1
 -2        31        32        53        52       115       116       137       136
 -1        86    1    0    1
 -2       115       116       137       136       199       200       221       220
 -1        87    1    0    1
 -2       199       200       221       220       283       284       305       304
 -1        88    1    0    1
 -2        52        53        74        73       136       137       158       157
 -1        89    1    0    1
 -2       136       137       158       157       220       221       242       241
 -1        90    1    0    1
 -2       220       221       242       241       304       305       326       325
 -1        91    1    0    1
 -2        11        12        33        32        95        96       117       116
 -1        92    1    0    1
 -2        95        96       117       116       179       180       201       200
 -1        93    1    0    1
 -2       179       180       201       200       263       264       285       284
 -1        94    1    0    1
 -2        32        33        54        53       116       117       138       137
 -1        95    1    0    1
 -2       116       117       138       137       200       201       222       221
 -1        96    1    0    1
 -2       200       201       222       221       284       285       306       305
 -1        97    1    0    1
 -2        53        54        75        74       137       138       159       158
 -1        98    1    0    1
 -2       137       138       159       158       221       222       243       242
 -1        99    1    0    1
 -2       221       222       243       242       305       306       327       326
 -1       100    1    0    1
 -2        12        13        34        33        96        97       118       117
 -1       101    1    0    1
 -2        96        97       118       117       180       181       202       201
 -1       102    1    0    1
 -2       180       181       202       201       264       265       286       285
 -1       103    1    0    1
 -2        33        34        55        54       117       118       139       138
 -1       104    1    0    1
 -2       117       118       139       138       201       202       223       222
 -1       105    1    0    1
 -2       201       202       223       222       285       286       307       306
 -1       106    1    0    1
 -2        54        55        76        75       138       139       160       159
 -1       107    1    0    1
 -2       138       139       160       159       222       223       244       243
 -1       108    1    0    1
 -2       222       223       244       243       306       307       328       327
 -1       109    1    0    1
 -2        13        14        35        34        97        98       119       118
 -1       110    1    0    1
 -2        97        98       119       118       181       182       203       202
 -1       111    1    0    1
 -2       181       182       203       202       265       266       287       286
 -1       112    1    0    1
 -2        34        35        56        55       118       119       140       139
 -1       113    1    0    1
 -2       118       119       140       139       202       203       224       223
 -1       114    1    0    1
 -2       202       203       224       223       286       287       308       307
 -1       115    1    0    1
 -2        55        56        77        76       139       140       161       160
 -1       116    1    0    1
 -2       139       140       161       160       223       224       245       244
 -1       117    1    0    1
 -2       223       224       245       244       307       308       329       328
 -1       118    1    0    1
 -2        14        15        36        35        98        99       120       119
 -1       119    1    0    1
 -2        98        99       120       119       182       183       204       203
 -1       120    1    0    1
 -2       182       183       204       203       266       267       288       287
 -1       121    1    0    1
 -2        35        36        57        56       119       120       141       140
 -1       122    1    0    1
 -2       119       120       141       140       203       204       225       224
 -1       123    1    0    1
 -2       203       204       225       224       287       288       309       308
 -1       124    1    0    1
 -2        56        57        78        77       140       141       162       161
 -1       125    1    0    1
 -2       140       141       162       161       224       225       246       245
 -1       126    1    0    1
 -2       224       225       246       245       308       309       330       329
 -1       127    1    0    1
 -2        15        16        37        36        99       100       121       120
 -1       128    1    0    1
 -2        99       100       121       120       183       184       205       204
 -1       129    1    0    1
 -2       183       184       205       204       267       268       289       288
 -1       130    1    0    1
 -2        36        37        58        57       120       121       142       141
 -1       131    1    0    1
 -2       120       121       142       141       204       205       226       225
 -1       132    1    0    1
 -2       204       205       226       225       288       289       310       309
 -1       133    1    0    1
 -2        57        58        79        78       141       142       163       162
 -1       134    1    0    1
 -2       141       142       163       162       225       226       247       246
 -1       135    1    0    1
 -2       225       226       247       246       309       310       331       330
 -1       136    1    0    1
 -2        16        17        38        37       100       101       122       121
 -1       137    1    0    1
 -2       100       101       122       121       184       185       206       205
 -1       138    1    0    1
 -2       184       185       206       205       268       269       290       289
 -1       139    1    0    1
 -2        37        38        59        58       121       122       143       142
 -1       140    1    0    1
 -2       121       122       143       142       205       206       227       226
 -1       141    1    0    1
 -2       205       206       227       226       289       290       311       310
 -1       142    1    0    1
 -2        58        59        80        79       142       143       164       163
 -1       143    1    0    1
 -2       142       143       164       163       226       227       248       247
 -1       144    1    0    1
 -2       226       227       248       247       310       311       332       331
 -1       145    1    0    1
 -2        17        18        39        38       101       102       123       122
 -1       146    1    0    1
 -2       101       102       123       122       185       186       207       206
 -1       147    1    0    1
 -2       185       186       207       206       269       270       291       290
 -1       148    1    0    1
 -2        38        39        60        59       122       123       144       143
 -1       149    1    0    1
 -2       122       123       144       143       206       207       228       227
 -1       150    1    0    1
 -2       206       207       228       227       290       291       312       311
 -1       151    1    0    1
 -2        59        60        81        80       143       144       165       164
 -1       152    1    0    1
 -2       143       144       165       164       227       228       249       248
 -1       153    1    0    1
 -2       227       228       249       248       311       312       333       332
 -1       154    1    0    1
 -2        18        19        40        39       102       103       124       123
 -1       155    1    0    1
 -2       102       103       124       123       186       187       208       207
 -1       156    1    0    1
 -2       186       187       208       207       270       271       292       291
 -1       157    1    0    1
 -2        39        40        61        60       123       124       145       144
 -1       158    1    0    1
 -2       123       124       145       144       207       208       229       228
 -1       159    1    0    1
 -2       207       208       229       228       291       292       313       312
 -1       160    1    0    1
 -2        60        61        82        81       144       145       166       165
 -1       161    1    0    1
 -2       144       145       166       165       228       229       250       249
 -1       162    1    0    1
 -2       228       229       250       249       312       313       334       333
 -1       163    1    0    1
 -2        19        20        41        40       103       104       125       124
 -1       164    1    0    1
 -2       103       104       125       124       187       188       209       208
 -1       165    1    0    1
 -2       187       188       209       208       271       272       293       292
 -1       166    1    0    1
 -2        40        41        62        61       124       125       146       145
 -1       167    1    0    1
 -2       124       125       146       145       208       209       230       229
 -1       168    1    0    1
 -2       208       209       230       229       292       293       314       313
 -1       169    1    0    1
 -2        61        62        83        82       145       146       167       166
 -1       170    1    0    1
 -2       145       146       167       166       229       230       251       250
 -1       171    1    0    1
 -2       229       230       251       250       313       314       335       334
 -1       172    1    0    1
 -2        20        21        42        41       104       105       126       125
 -1       173    1    0    1
 -2       104       105       126       125       188       189       210       209
 -1       174    1    0    1
 -2       188       189       210       209       272       273       294       293
 -1       175    1    0    1
 -2        41        42        63        62       125       126       147       146
 -1       176    1    0    1
 -2       125       126       147       146       209       210       231       230
 -1       177    1    0    1
 -2       209       210       231       230       293       294       315       314
 -1       178    1    0    1
 -2        62        63        84        83       146       147       168       167
 -1       179    1    0    1
 -2       146       147       168       167       230       231       252       251
 -1       180    1    0    1
 -2       230       231       252       251       314       315       336       335
 -3
    1PSTEP                         1           1           1          
  100CL  101 1.000000000         336                     0    1           1
 -4  DISP        4    1
 -5  D1          1    2    1    0
 -5  D2          1    2    2    0
 -5  D3          1    2    3    0
 -5  ALL         1    2    0    0    1ALL
 -1         1 0.00000E+00 0.00000E+00 0.00000E+00
 -1         2-1.81682E-03-7.77105E-04-8.24707E-04
 -1         3-3.59956E-03-8.12662E-04-2.63151E-03
 -1         4-5.32239E-03-7.86034E-04-5.73786E-03
 -1         5-6.96698E-03-7.35561E-04-9.97917E-03
 -1         6-8.51440E-03-6.89008E-04-1.52857E-02
 -1         7-9.96211E-03-6.42892E-04-2.15902E-02
 -1         8-1.13098E-02-5.96989E-04-2.88264E-02
 -1         9-1.25577E-02-5.51070E-04-3.69278E-02
 -1        10-1.37058E-02-5.05150E-04-4.58278E-02
 -1        11-1.47540E-02-4.59227E-04-5.54600E-02
 -1        12-1.57024E-02-4.13304E-04-6.57576E-02
 -1        13-1.65509E-02-3.67381E-04-7.66543E-02
 -1        14-1.72997E-02-3.21458E-04-8.80833E-02
 -1        15-1.79486E-02-2.75538E-04-9.99783E-02
 -1        16-1.84976E-02-2.29623E-04-1.12273E-01
 -1        17-1.89468E-02-1.83751E-04-1.24900E-01
 -1        18-1.92960E-02-1.37650E-04-1.37793E-01
 -1        19-1.95450E-02-9.10997E-05-1.50887E-01
 -1        20-1.96993E-02-3.60803E-05-1.64108E-01
 -1        21-1.97714E-02 2.79064E-05-1.77514E-01
 -1        22 0.00000E+00 0.00000E+00 0.00000E+00
 -1        23-1.71840E-03-2.18233E-04-1.11797E-03
 -1        24-3.57573E-03-2.79251E-04-2.99466E-03
 -1        25-5.33441E-03-2.61023E-04-6.08658E-03
 -1        26-6.98416E-03-2.44912E-04-1.03072E-02
 -1        27-8.53164E-03-2.28915E-04-1.55928E-02
 -1        28-9.97911E-03-2.13653E-04-2.18768E-02
 -1        29-1.13268E-02-1.98390E-04-2.90925E-02
 -1        30-1.25747E-02-1.83135E-04-3.71734E-02
 -1        31-1.37227E-02-1.67874E-04-4.60530E-02
 -1        32-1.47709E-02-1.52613E-04-5.56646E-02
 -1        33-1.57193E-02-1.37351E-04-6.59418E-02
 -1        34-1.65679E-02-1.22090E-04-7.68180E-02
 -1        35-1.73166E-02-1.06829E-04-8.82266E-02
 -1        36-1.79655E-02-9.15676E-05-1.00101E-01
 -1        37-1.85146E-02-7.63147E-05-1.12375E-01
 -1        38-1.89638E-02-6.10645E-05-1.24981E-01
 -1        39-1.93134E-02-4.58246E-05-1.37854E-01
 -1        40-1.95633E-02-2.99442E-05-1.50927E-01
 -1        41-1.97113E-02-9.16890E-06-1.64128E-01
 -1        42-1.97662E-02 9.84856E-06-1.77412E-01
 -1        43 0.00000E+00 0.00000E+00 0.00000E+00
 -1        44-1.71840E-03 2.18233E-04-1.11797E-03
 -1        45-3.57573E-03 2.79251E-04-2.99466E-03
 -1        46-5.33441E-03 2.61023E-04-6.08658E-03
 -1        47-6.98416E-03 2.44912E-04-1.03072E-02
 -1        48-8.53164E-03 2.28915E-04-1.55928E-02
 -1        49-9.97911E-03 2.13653E-04-2.18768E-02
 -1        50-1.13268E-02 1.98390E-04-2.90925E-02
 -1        51-1.25747E-02 1.83135E-04-3.71734E-02
 -1        52-1.37227E-02 1.67874E-04-4.60530E-02
 -1        53-1.47709E-02 1.52613E-04-5.56646E-02
 -1        54-1.57193E-02 1.37351E-04-6.59418E-02
 -1        55-1.65679E-02 1.22090E-04-7.68180E-02
 -1        56-1.73166E-02 1.06829E-04-8.82266E-02
 -1        57-1.79655E-02 9.15676E-05-1.00101E-01
 -1        58-1.85146E-02 7.63147E-05-1.12375E-01
 -1        59-1.89638E-02 6.10645E-05-1.24981E-01
 -1        60-1.93134E-02 4.58246E-05-1.37854E-01
 -1        61-1.95633E-02 2.99442E-05-1.50927E-01
 -1        62-1.97113E-02 9.16890E-06-1.64128E-01
 -1        63-1.97662E-02-9.84856E-06-1.77412E-01
 -1        64 0.00000E+00 0.00000E+00 0.00000E+00
 -1        65-1.81682E-03 7.77105E-04-8.24707E-04
 -1        66-3.59956E-03 8.12662E-04-2.63151E-03
 -1        67-5.32239E-03 7.86034E-04-5.73786E-03
 -1        68-6.96698E-03 7.35561E-04-9.97917E-03
 -1        69-8.51440E-03 6.89008E-04-1.52857E-02
 -1        70-9.96211E-03 6.42892E-04-2.15902E-02
 -1        71-1.13098E-02 5.96989E-04-2.88264E-02
 -1        72-1.25577E-02 5.51070E-04-3.69278E-02
 -1        73-1.37058E-02 5.05150E-04-4.58278E-02
 -1        74-1.47540E-02 4.59227E-04-5.54600E-02
 -1        75-1.57024E-02 4.13304E-04-6.57576E-02
 -1        76-1.65509E-02 3.67381E-04-7.66543E-02
 -1        77-1.72997E-02 3.21458E-04-8.80833E-02
 -1        78-1.79486E-02 2.75538E-04-9.99783E-02
 -1        79-1.84976E-02 2.29623E-04-1.12273E-01
 -1        80-1.89468E-02 1.83751E-04-1.24900E-01
 -1        81-1.92960E-02 1.37650E-04-1.37793E-01
 -1        82-1.95450E-02 9.10997E-05-1.50887E-01
 -1        83-1.96993E-02 3.60803E-05-1.64108E-01
 -1        84-1.97714E-02-2.79064E-05-1.77514E-01
 -1        85 0.00000E+00 0.00000E+00 0.00000E+00
 -1        86-5.73189E-04-2.52757E-04-3.86427E-04
 -1        87-1.18104E-03-2.71907E-04-2.29001E-03
 -1        88-1.74639E-03-2.56758E-04-5.40467E-03
 -1        89-2.29375E-03-2.40803E-04-9.66356E-03
 -1        90-2.80957E-03-2.25383E-04-1.49895E-02
 -1        91-3.29218E-03-2.10323E-04-2.13138E-02
 -1        92-3.74144E-03-1.95302E-04-2.85697E-02
 -1        93-4.15740E-03-1.80282E-04-3.66909E-02
 -1        94-4.54008E-03-1.65259E-04-4.56107E-02
 -1        95-4.88949E-03-1.50235E-04-5.52625E-02
 -1        96-5.20562E-03-1.35212E-04-6.55799E-02
 -1        97-5.48847E-03-1.20188E-04-7.64963E-02
 -1        98-5.73805E-03-1.05165E-04-8.79451E-02
 -1        99-5.95435E-03-9.01409E-05-9.98598E-02
 -1       100-6.13737E-03-7.51249E-05-1.12174E-01
 -1       101-6.28709E-03-6.00985E-05-1.24821E-01
 -1       102-6.40336E-03-4.51291E-05-1.37734E-01
 -1       103-6.48628E-03-2.90322E-05-1.50847E-01
 -1       104-6.52882E-03-1.26783E-05-1.64098E-01
 -1       105-6.54720E-03 8.65055E-07-1.77427E-01
 -1       106 0.00000E+00 0.00000E+00 0.00000E+00
 -1       107-5.09362E-04-7.31272E-05-6.64554E-04
 -1       108-1.16595E-03-9.48666E-05-2.63340E-03
 -1       109-1.75418E-03-8.68298E-05-5.74861E-03
 -1       110-2.30406E-03-8.09829E-05-9.98968E-03
 -1       111-2.81988E-03-7.57315E-05-1.52950E-02
 -1       112-3.30236E-03-7.06675E-05-2.15988E-02
 -1       113-3.75159E-03-6.56256E-05-2.88344E-02
 -1       114-4.16755E-03-6.05788E-05-3.69352E-02
 -1       115-4.55023E-03-5.55308E-05-4.58346E-02
 -1       116-4.89964E-03-5.04826E-05-5.54661E-02
 -1       117-5.21577E-03-4.54343E-05-6.57632E-02
 -1       118-5.49862E-03-4.03860E-05-7.66592E-02
 -1       119-5.74819E-03-3.53376E-05-8.80876E-02
 -1       120-5.96449E-03-3.02900E-05-9.99820E-02
 -1       121-6.14752E-03-2.52414E-05-1.12276E-01
 -1       122-6.29727E-03-2.02162E-05-1.24902E-01
 -1       123-6.41380E-03-1.51319E-05-1.37795E-01
 -1       124-6.49682E-03-9.90943E-06-1.50887E-01
 -1       125-6.54281E-03-4.07901E-06-1.64112E-01
 -1       126-6.56123E-03-2.79513E-06-1.77371E-01
 -1       127 0.00000E+00 0.00000E+00 0.00000E+00
 -1       128-5.09362E-04 7.31272E-05-6.64554E-04
 -1       129-1.16595E-03 9.48666E-05-2.63340E-03
 -1       130-1.75418E-03 8.68298E-05-5.74861E-03
 -1       131-2.30406E-03 8.09829E-05-9.98968E-03
 -1       132-2.81988E-03 7.57315E-05-1.52950E-02
 -1       133-3.30236E-03 7.06675E-05-2.15988E-02
 -1       134-3.75159E-03 6.56256E-05-2.88344E-02
 -1       135-4.16755E-03 6.05788E-05-3.69352E-02
 -1       136-4.55023E-03 5.55308E-05-4.58346E-02
 -1       137-4.89964E-03 5.04826E-05-5.54661E-02
 -1       138-5.21577E-03 4.54343E-05-6.57632E-02
 -1       139-5.49862E-03 4.03860E-05-7.66592E-02
 -1       140-5.74819E-03 3.53376E-05-8.80876E-02
 -1       141-5.96449E-03 3.02900E-05-9.99820E-02
 -1       142-6.14752E-03 2.52414E-05-1.12276E-01
 -1       143-6.29727E-03 2.02162E-05-1.24902E-01
 -1       144-6.41380E-03 1.51319E-05-1.37795E-01
 -1       145-6.49682E-03 9.90943E-06-1.50887E-01
 -1       146-6.54281E-03 4.07901E-06-1.64112E-01
 -1       147-6.56123E-03 2.79513E-06-1.77371E-01
 -1       148 0.00000E+00 0.00000E+00 0.00000E+00
 -1       149-5.73189E-04 2.52757E-04-3.86427E-04
 -1       150-1.18104E-03 2.71907E-04-2.29001E-03
 -1       151-1.74639E-03 2.56758E-04-5.40467E-03
 -1       152-2.29375E-03 2.40803E-04-9.66356E-03
 -1       153-2.80957E-03 2.25383E-04-1.49895E-02
 -1       154-3.29218E-03 2.10323E-04-2.13138E-02
 -1       155-3.74144E-03 1.95302E-04-2.85697E-02
 -1       156-4.15740E-03 1.80282E-04-3.66909E-02
 -1       157-4.54008E-03 1.65259E-04-4.56107E-02
 -1       158-4.88949E-03 1.50235E-04-5.52625E-02
 -1       159-5.20562E-03 1.35212E-04-6.55799E-02
 -1       160-5.48847E-03 1.20188E-04-7.64963E-02
 -1       161-5.73805E-03 1.05165E-04-8.79451E-02
 -1       162-5.95435E-03 9.01409E-05-9.98598E-02
 -1       163-6.13737E-03 7.51249E-05-1.12174E-01
 -1       164-6.28709E-03 6.00985E-05-1.24821E-01
 -1       165-6.40336E-03 4.51291E-05-1.37734E-01
 -1       166-6.48628E-03 2.90322E-05-1.50847E-01
 -1       167-6.52882E-03 1.26783E-05-1.64098E-01
 -1       168-6.54720E-03-8.65055E-07-1.77427E-01
 -1       169 0.00000E+00 0.00000E+00 0.00000E+00
 -1       170 5.73189E-04 2.52757E-04-3.86427E-04
 -1       171 1.18104E-03 2.71907E-04-2.29001E-03
 -1       172 1.74639E-03 2.56758E-04-5.40467E-03
 -1       173 2.29375E-03 2.40803E-04-9.66356E-03
 -1       174 2.80957E-03 2.25383E-04-1.49895E-02
 -1       175 3.29218E-03 2.10323E-04-2.13138E-02
 -1       176 3.74144E-03 1.95302E-04-2.85697E-02
 -1       177 4.15740E-03 1.80282E-04-3.66909E-02
 -1       178 4.54008E-03 1.65259E-04-4.56107E-02
 -1       179 4.88949E-03 1.50235E-04-5.52625E-02
 -1       180 5.20562E-03 1.35212E-04-6.55799E-02
 -1       181 5.48847E-03 1.20188E-04-7.64963E-02
 -1       182 5.73805E-03 1.05165E-04-8.79451E-02
 -1       183 5.95435E-03 9.01409E-05-9.98598E-02
 -1       184 6.13737E-03 7.51249E-05-1.12174E-01
 -1       185 6.28709E-03 6.00985E-05-1.24821E-01
 -1       186 6.40336E-03 4.51291E-05-1.37734E-01
 -1       187 6.48628E-03 2.90322E-05-1.50847E-01
 -1       188 6.52882E-03 1.26783E-05-1.64098E-01
 -1       189 6.54720E-03-8.65055E-07-1.77427E-01
 -1       190 0.00000E+00 0.00000E+00 0.00000E+00
 -1       191 5.09362E-04 7.31272E-05-6.64554E-04
 -1       192 1.16595E-03 9.48666E-05-2.63340E-03
 -1       193 1.75418E-03 8.68298E-05-5.74861E-03
 -1       194 2.30406E-03 8.09829E-05-9.98968E-03
 -1       195 2.81988E-03 7.57315E-05-1.52950E-02
 -1       196 3.30236E-03 7.06675E-05-2.15988E-02
 -1       197 3.75159E-03 6.56256E-05-2.88344E-02
 -1       198 4.16755E-03 6.05788E-05-3.69352E-02
 -1       199 4.55023E-03 5.55308E-05-4.58346E-02
 -1       200 4.89964E-03 5.04826E-05-5.54661E-02
 -1       201 5.21577E-03 4.54343E-05-6.57632E-02
 -1       202 5.49862E-03 4.03860E-05-7.66592E-02
 -1       203 5.74819E-03 3.53376E-05-8.80876E-02
 -1       204 5.96449E-03 3.02900E-05-9.99820E-02
 -1       205 6.14752E-03 2.52414E-05-1.12276E-01
 -1       206 6.29727E-03 2.02162E-05-1.24902E-01
 -1       207 6.41380E-03 1.51319E-05-1.37795E-01
 -1       208 6.49682E-03 9.90943E-06-1.50887E-01
 -1       209 6.54281E-03 4.07901E-06-1.64112E-01
 -1       210 6.56123E-03 2.79513E-06-1.77371E-01
 -1       211 0.00000E+00 0.00000E+00 0.00000E+00
 -1       212 5.09362E-04-7.31272E-05-6.64554E-04
 -1       213 1.16595E-03-9.48666E-05-2.63340E-03
 -1       214 1.75418E-03-8.68298E-05-5.74861E-03
 -1       215 2.30406E-03-8.09829E-05-9.98968E-03
 -1       216 2.81988E-03-7.57315E-05-1.52950E-02
 -1       217 3.30236E-03-7.06675E-05-2.15988E-02
 -1       218 3.75159E-03-6.56256E-05-2.88344E-02
 -1       219 4.16755E-03-6.05788E-05-3.69352E-02
 -1       220 4.55023E-03-5.55308E-05-4.58346E-02
 -1       221 4.89964E-03-5.04826E-05-5.54661E-02
 -1       222 5.21577E-03-4.54343E-05-6.57632E-02
 -1       223 5.49862E-03-4.03860E-05-7.66592E-02
 -1       224 5.74819E-03-3.53376E-05-8.80876E-02
 -1       225 5.96449E-03-3.02900E-05-9.99820E-02
 -1       226 6.14752E-03-2.52414E-05-1.12276E-01
 -1       227 6.29727E-03-2.02162E-05-1.24902E-01
 -1       228 6.41380E-03-1.51319E-05-1.37795E-01
 -1       229 6.49682E-03-9.90943E-06-1.50887E-01
 -1       230 6.54281E-03-4.07901E-06-1.64112E-01
 -1       231 6.56123E-03-2.79513E-06-1.77371E-01
 -1       232 0.00000E+00 0.00000E+00 0.00000E+00
 -1       233 5.73189E-04-2.52757E-04-3.86427E-04
 -1       234 1.18104E-03-2.71907E-04-2.29001E-03
 -1       235 1.74639E-03-2.56758E-04-5.40467E-03
 -1       236 2.29375E-03-2.40803E-04-9.66356E-03
 -1       237 2.80957E-03-2.25383E-04-1.49895E-02
 -1       238 3.29218E-03-2.10323E-04-2.13138E-02
 -1       239 3.74144E-03-1.95302E-04-2.85697E-02
 -1       240 4.15740E-03-1.80282E-04-3.66909E-02
 -1       241 4.54008E-03-1.65259E-04-4.56107E-02
 -1       242 4.88949E-03-1.50235E-04-5.52625E-02
 -1       243 5.20562E-03-1.35212E-04-6.55799E-02
 -1       244 5.48847E-03-1.20188E-04-7.64963E-02
 -1       245 5.73805E-03-1.05165E-04-8.79451E-02
 -1       246 5.95435E-03-9.01409E-05-9.98598E-02
 -1       247 6.13737E-03-7.51249E-05-1.12174E-01
 -1       248 6.28709E-03-6.00985E-05-1.24821E-01
 -1       249 6.40336E-03-4.51291E-05-1.37734E-01
 -1       250 6.48628E-03-2.90322E-05-1.50847E-01
 -1       251 6.52882E-03-1.26783E-05-1.64098E-01
 -1       252 6.54720E-03 8.65055E-07-1.77427E-01
 -1       253 0.00000E+00 0.00000E+00 0.00000E+00
 -1       254 1.81682E-03 7.77105E-04-8.24707E-04
 -1       255 3.59956E-03 8.12662E-04-2.63151E-03
 -1       256 5.32239E-03 7.86034E-04-5.73786E-03
 -1       257 6.96698E-03 7.35561E-04-9.97917E-03
 -1       258 8.51440E-03 6.89008E-04-1.52857E-02
 -1       259 9.96211E-03 6.42892E-04-2.15902E-02
 -1       260 1.13098E-02 5.96989E-04-2.88264E-02
 -1       261 1.25577E-02 5.51070E-04-3.69278E-02
 -1       262 1.37058E-02 5.05150E-04-4.58278E-02
 -1       263 1.47540E-02 4.59227E-04-5.54600E-02
 -1       264 1.57024E-02 4.13304E-04-6.57576E-02
 -1       265 1.65509E-02 3.67381E-04-7.66543E-02
 -1       266 1.72997E-02 3.21458E-04-8.80833E-02
 -1       267 1.79486E-02 2.75538E-04-9.99783E-02
 -1       268 1.84976E-02 2.29623E-04-1.12273E-01
 -1       269 1.89468E-02 1.83751E-04-1.24900E-01
 -1       270 1.92960E-02 1.37650E-04-1.37793E-01
 -1       271 1.95450E-02 9.10997E-05-1.50887E-01
 -1       272 1.96993E-02 3.60803E-05-1.64108E-01
 -1       273 1.97714E-02-2.79064E-05-1.77514E-01
 -1       274 0.00000E+00 0.00000E+00 0.00000E+00
 -1       275 1.71840E-03 2.18233E-04-1.11797E-03
 -1       276 3.57573E-03 2.79251E-04-2.99466E-03
 -1       277 5.33441E-03 2.61023E-04-6.08658E-03
 -1       278 6.98416E-03 2.44912E-04-1.03072E-02
 -1       279 8.53164E-03 2.28915E-04-1.55928E-02
 -1       280 9.97911E-03 2.13653E-04-2.18768E-02
 -1       281 1.13268E-02 1.98390E-04-2.90925E-02
 -1       282 1.25747E-02 1.83135E-04-3.71734E-02
 -1       283 1.37227E-02 1.67874E-04-4.60530E-02
 -1       284 1.47709E-02 1.52613E-04-5.56646E-02
 -1       285 1.57193E-02 1.37351E-04-6.59418E-02
 -1       286 1.65679E-02 1.22090E-04-7.68180E-02
 -1       287 1.73166E-02 1.06829E-04-8.82266E-02
 -1       288 1.79655E-02 9.15676E-05-1.00101E-01
 -1       289 1.85146E-02 7.63147E-05-1.12375E-01
 -1       290 1.89638E-02 6.10645E-05-1.24981E-01
 -1       291 1.93134E-02 4.58246E-05-1.37854E-01
 -1       292 1.95633E-02 2.99442E-05-1.50927E-01
 -1       293 1.97113E-02 9.16890E-06-1.64128E-01
 -1       294 1.97662E-02-9.84856E-06-1.77412E-01
 -1       295 0.00000E+00 0.00000E+00 0.00000E+00
 -1       296 1.71840E-03-2.18233E-04-1.11797E-03
 -1       297 3.57573E-03-2.79251E-04-2.99466E-03
 -1       298 5.33441E-03-2.61023E-04-6.08658E-03
 -1       299 6.98416E-03-2.44912E-04-1.03072E-02
 -1       300 8.53164E-03-2.28915E-04-1.55928E-02
 -1       301 9.97911E-03-2.13653E-04-2.18768E-02
 -1       302 1.13268E-02-1.98390E-04-2.90925E-02
 -1       303 1.25747E-02-1.83135E-04-3.71734E-02
 -1       304 1.37227E-02-1.67874E-04-4.60530E-02
 -1       305 1.47709E-02-1.52613E-04-5.56646E-02
 -1       306 1.57193E-02-1.37351E-04-6.59418E-02
 -1       307 1.65679E-02-1.22090E-04-7.68180E-02
 -1       308 1.73166E-02-1.06829E-04-8.82266E-02
 -1       309 1.79655E-02-9.15676E-05-1.00101E-01
 -1       310 1.85146E-02-7.63147E-05-1.12375E-01
 -1       311 1.89638E-02-6.10645E-05-1.24981E-01
 -1       312 1.93134E-02-4.58246E-05-1.37854E-01
 -1       313 1.95633E-02-2.99442E-05-1.50927E-01
 -1       314 1.97113E-02-9.16890E-06-1.64128E-01
 -1       315 1.97662E-02 9.84856E-06-1.77412E-01
 -1       316 0.00000E+00 0.00000E+00 0.00000E+00
 -1       317 1.81682E-03-7.77105E-04-8.24707E-04
 -1       318 3.59956E-03-8.12662E-04-2.63151E-03
 -1       319 5.32239E-03-7.86034E-04-5.73786E-03
 -1       320 6.96698E-03-7.35561E-04-9.97917E-03
 -1       321 8.51440E-03-6.89008E-04-1.52857E-02
 -1       322 9.96211E-03-6.42892E-04-2.15902E-02
 -1       323 1.13098E-02-5.96989E-04-2.88264E-02
 -1       324 1.25577E-02-5.51070E-04-3.69278E-02
 -1       325 1.37058E-02-5.05150E-04-4.58278E-02
 -1       326 1.47540E-02-4.59227E-04-5.54600E-02
 -1       327 1.57024E-02-4.13304E-04-6.57576E-02
 -1       328 1.65509E-02-3.67381E-04-7.66543E-02
 -1       329 1.72997E-02-3.21458E-04-8.80833E-02
 -1       330 1.79486E-02-2.75538E-04-9.99783E-02
 -1       331 1.84976E-02-2.29623E-04-1.12273E-01
 -1       332 1.89468E-02-1.83751E-04-1.24900E-01
 -1       333 1.92960E-02-1.37650E-04-1.37793E-01
 -1       334 1.95450E-02-9.10997E-05-1.50887E-01
 -1       335 1.96993E-02-3.60803E-05-1.64108E-01
 -1       336 1.97714E-02 2.79064E-05-1.77514E-01
 -3
    1PSTEP                         2           1           1          
  100CL  101 1.000000000         336                     0    1           1
 -4  STRESS      6    1
 -5  SXX         1    4    1    1
 -5  SYY         1    4    2    2
 -5  SZZ         1    4    3    3
 -5  SXY         1    4    1    2
 -5  SYZ         1    4    2    3
 -5  SZX         1    4    3    1
 -1         1-5.13590E+01-2.20112E+01-2.20112E+01-6.27650E+00-1.46974E-06-6.66102E+00
 -1         2-3.87964E+01-6.96113E-01-2.64416E+00-2.48687E+00 1.86645E+00-5.82469E-01
 -1         3-3.89489E+01-2.01913E+00-5.11921E+00 1.56414E-01 1.43447E+00-3.07383E-01
 -1         4-3.71986E+01-1.52036E+00-4.61893E+00 2.14345E-01 1.45833E+00-7.90051E-01
 -1         5-3.53486E+01-1.64215E+00-4.46962E+00 2.53014E-01 1.34672E+00-8.13239E-01
 -1         6-3.31715E+01-1.54867E+00-4.19632E+00 2.34966E-01 1.26430E+00-8.13227E-01
 -1         7-3.09624E+01-1.45078E+00-3.91941E+00 2.34299E-01 1.17932E+00-8.11062E-01
 -1         8-2.87486E+01-1.34587E+00-3.63874E+00 2.33883E-01 1.09523E+00-8.10782E-01
 -1         9-2.65368E+01-1.24227E+00-3.35879E+00 2.33994E-01 1.01097E+00-8.10755E-01
 -1        10-2.43254E+01-1.13869E+00-3.07886E+00 2.34001E-01 9.26732E-01-8.10768E-01
 -1        11-2.21140E+01-1.03518E+00-2.79897E+00 2.34006E-01 8.42482E-01-8.10771E-01
 -1        12-1.99026E+01-9.31661E-01-2.51907E+00 2.34005E-01 7.58234E-01-8.10772E-01
 -1        13-1.76912E+01-8.28145E-01-2.23918E+00 2.34007E-01 6.73986E-01-8.10771E-01
 -1        14-1.54798E+01-7.24644E-01-1.95929E+00 2.34002E-01 5.89734E-01-8.10769E-01
 -1        15-1.32684E+01-6.21056E-01-1.67935E+00 2.33993E-01 5.05503E-01-8.10737E-01
 -1        16-1.10566E+01-5.17442E-01-1.39943E+00 2.33792E-01 4.21198E-01-8.10765E-01
 -1        17-8.84162E+00-4.11558E-01-1.11801E+00 2.34082E-01 3.37404E-01-8.10696E-01
 -1        18-6.62688E+00-3.12712E-01-8.43103E-01 2.33945E-01 2.51052E-01-8.15321E-01
 -1        19-4.47299E+00-2.27997E-01-5.67760E-01 2.61858E-01 1.80244E-01-7.99738E-01
 -1        20-2.75650E+00-4.93091E-01-7.70882E-01 3.83324E-01 2.60658E-02-1.15535E+00
 -1        21-1.20514E+00-3.32268E-01 1.36163E+00 5.58338E-01 6.05458E-01-1.46550E+00
 -1        22-4.85766E+01-2.08187E+01-2.08187E+01-1.76260E+00-4.08855E-06-9.02964E+00
 -1        23-3.90177E+01-2.09854E+00-2.81344E+00-7.30233E-01-1.23240E-02-2.32848E+00
 -1        24-4.01185E+01-2.09404E+00-5.07755E+00-7.65714E-02 2.26765E-02-6.01904E-01
 -1        25-3.77384E+01-1.75282E+00-4.75023E+00 9.01639E-02-1.34325E-03-6.14138E-01
 -1        26-3.54046E+01-1.66257E+00-4.45282E+00 6.02573E-02-6.47261E-04-5.89642E-01
 -1        27-3.31636E+01-1.56058E+00-4.16469E+00 5.66037E-02-2.92709E-03-5.89787E-01
 -1        28-3.09516E+01-1.45793E+00-3.88638E+00 5.46149E-02-2.36706E-03-5.90366E-01
 -1        29-2.87415E+01-1.35387E+00-3.60889E+00 5.47782E-02-2.24325E-03-5.90511E-01
 -1        30-2.65308E+01-1.24971E+00-3.33134E+00 5.47928E-02-2.04943E-03-5.90525E-01
 -1        31-2.43199E+01-1.14556E+00-3.05374E+00 5.48106E-02-1.88088E-03-5.90522E-01
 -1        32-2.21090E+01-1.04141E+00-2.77613E+00 5.48103E-02-1.70949E-03-5.90521E-01
 -1        33-1.98981E+01-9.37272E-01-2.49851E+00 5.48105E-02-1.53865E-03-5.90520E-01
 -1        34-1.76872E+01-8.33131E-01-2.22090E+00 5.48106E-02-1.36804E-03-5.90521E-01
 -1        35-1.54763E+01-7.28988E-01-1.94328E+00 5.48123E-02-1.19604E-03-5.90522E-01
 -1        36-1.32654E+01-6.24831E-01-1.66568E+00 5.47901E-02-1.03211E-03-5.90531E-01
 -1        37-1.10548E+01-5.20649E-01-1.38817E+00 5.47422E-02-8.19022E-04-5.90526E-01
 -1        38-8.84524E+00-4.16335E-01-1.11083E+00 5.44602E-02-7.32003E-04-5.90342E-01
 -1        39-6.63960E+00-3.15881E-01-8.34763E-01 5.55677E-02-2.14182E-04-5.89355E-01
 -1        40-4.40822E+00-2.16411E-01-5.49564E-01 7.38688E-02 1.28477E-03-5.69876E-01
 -1        41-2.40012E+00-3.95813E-01-5.02928E-01 1.12064E-01-4.03642E-02-5.98637E-01
 -1        42-1.28582E+00-7.03792E-01 2.61270E-01 1.74365E-01 3.09812E-01-6.33510E-01
 -1        43-4.85766E+01-2.08187E+01-2.08187E+01 1.76260E+00 4.08855E-06-9.02964E+00
 -1        44-3.90177E+01-2.09854E+00-2.81344E+00 7.30233E-01 1.23240E-02-2.32848E+00
 -1        45-4.01185E+01-2.09404E+00-5.07755E+00 7.65714E-02-2.26765E-02-6.01904E-01
 -1        46-3.77384E+01-1.75282E+00-4.75023E+00-9.01639E-02 1.34325E-03-6.14138E-01
 -1        47-3.54046E+01-1.66257E+00-4.45282E+00-6.02573E-02 6.47261E-04-5.89642E-01
 -1        48-3.31636E+01-1.56058E+00-4.16469E+00-5.66037E-02 2.92709E-03-5.89787E-01
 -1        49-3.09516E+01-1.45793E+00-3.88638E+00-5.46149E-02 2.36706E-03-5.90366E-01
 -1        50-2.87415E+01-1.35387E+00-3.60889E+00-5.47782E-02 2.24325E-03-5.90511E-01
 -1        51-2.65308E+01-1.24971E+00-3.33134E+00-5.47928E-02 2.04943E-03-5.90525E-01
 -1        52-2.43199E+01-1.14556E+00-3.05374E+00-5.48106E-02 1.88088E-03-5.90522E-01
 -1        53-2.21090E+01-1.04141E+00-2.77613E+00-5.48103E-02 1.70949E-03-5.90521E-01
 -1        54-1.98981E+01-9.37272E-01-2.49851E+00-5.48105E-02 1.53865E-03-5.90520E-01
 -1        55-1.76872E+01-8.33131E-01-2.22090E+00-5.48106E-02 1.36804E-03-5.90521E-01
 -1        56-1.54763E+01-7.28988E-01-1.94328E+00-5.48123E-02 1.19604E-03-5.90522E-01
 -1        57-1.32654E+01-6.24831E-01-1.66568E+00-5.47901E-02 1.03211E-03-5.90531E-01
 -1        58-1.10548E+01-5.20649E-01-1.38817E+00-5.47422E-02 8.19022E-04-5.90526E-01
 -1        59-8.84524E+00-4.16335E-01-1.11083E+00-5.44602E-02 7.32003E-04-5.90342E-01
 -1        60-6.63960E+00-3.15881E-01-8.34763E-01-5.55677E-02 2.14182E-04-5.89355E-01
 -1        61-4.40822E+00-2.16411E-01-5.49564E-01-7.38688E-02-1.28477E-03-5.69876E-01
 -1        62-2.40012E+00-3.95813E-01-5.02928E-01-1.12064E-01 4.03642E-02-5.98637E-01
 -1        63-1.28582E+00-7.03792E-01 2.61270E-01-1.74365E-01-3.09812E-01-6.33510E-01
 -1        64-5.13590E+01-2.20112E+01-2.20112E+01 6.27650E+00 1.46974E-06-6.66102E+00
 -1        65-3.87964E+01-6.96113E-01-2.64416E+00 2.48687E+00-1.86645E+00-5.82469E-01
 -1        66-3.89489E+01-2.01913E+00-5.11921E+00-1.56414E-01-1.43447E+00-3.07383E-01
 -1        67-3.71986E+01-1.52036E+00-4.61893E+00-2.14345E-01-1.45833E+00-7.90051E-01
 -1        68-3.53486E+01-1.64215E+00-4.46962E+00-2.53014E-01-1.34672E+00-8.13239E-01
 -1        69-3.31715E+01-1.54867E+00-4.19632E+00-2.34966E-01-1.26430E+00-8.13227E-01
 -1        70-3.09624E+01-1.45078E+00-3.91941E+00-2.34299E-01-1.17932E+00-8.11062E-01
 -1        71-2.87486E+01-1.34587E+00-3.63874E+00-2.33883E-01-1.09523E+00-8.10782E-01
 -1        72-2.65368E+01-1.24227E+00-3.35879E+00-2.33994E-01-1.01097E+00-8.10755E-01
 -1        73-2.43254E+01-1.13869E+00-3.07886E+00-2.34001E-01-9.26732E-01-8.10768E-01
 -1        74-2.21140E+01-1.03518E+00-2.79897E+00-2.34006E-01-8.42482E-01-8.10771E-01
 -1        75-1.99026E+01-9.31661E-01-2.51907E+00-2.34005E-01-7.58234E-01-8.10772E-01
 -1        76-1.76912E+01-8.28145E-01-2.23918E+00-2.34007E-01-6.73986E-01-8.10771E-01
 -1        77-1.54798E+01-7.24644E-01-1.95929E+00-2.34002E-01-5.89734E-01-8.10769E-01
 -1        78-1.32684E+01-6.21056E-01-1.67935E+00-2.33993E-01-5.05503E-01-8.10737E-01
 -1        79-1.10566E+01-5.17442E-01-1.39943E+00-2.33792E-01-4.21198E-01-8.10765E-01
 -1        80-8.84162E+00-4.11558E-01-1.11801E+00-2.34082E-01-3.37404E-01-8.10696E-01
 -1        81-6.62688E+00-3.12712E-01-8.43103E-01-2.33945E-01-2.51052E-01-8.15321E-01
 -1        82-4.47299E+00-2.27997E-01-5.67760E-01-2.61858E-01-1.80244E-01-7.99738E-01
 -1        83-2.75650E+00-4.93091E-01-7.70882E-01-3.83324E-01-2.60658E-02-1.15535E+00
 -1        84-1.20514E+00-3.32268E-01 1.36163E+00-5.58338E-01-6.05458E-01-1.46550E+00
 -1        85-1.62030E+01-6.94425E+00-6.94427E+00-2.04145E+00-1.20073E-06-3.12111E+00
 -1        86-1.18618E+01 5.78600E-01 1.21682E+00-5.82542E-01 1.91263E+00 4.03887E-01
 -1        87-1.23686E+01-3.33769E-02-1.34983E-01 1.05756E-01 1.60643E+00-9.59630E-01
 -1        88-1.16500E+01 8.16955E-02 2.78849E-02 6.26156E-02 1.43329E+00-1.23074E+00
 -1        89-1.11791E+01-1.05692E-02-4.30975E-02 4.33761E-02 1.30890E+00-1.30890E+00
 -1        90-1.05048E+01-2.34508E-02-4.85920E-02 3.98211E-02 1.22499E+00-1.31753E+00
 -1        91-9.80475E+00-2.25454E-02-4.59166E-02 3.92574E-02 1.14346E+00-1.31626E+00
 -1        92-9.10333E+00-2.06158E-02-4.23864E-02 3.93399E-02 1.06207E+00-1.31572E+00
 -1        93-8.40279E+00-1.88867E-02-3.90323E-02 3.93632E-02 9.80400E-01-1.31562E+00
 -1        94-7.70254E+00-1.73029E-02-3.57719E-02 3.93703E-02 8.98703E-01-1.31562E+00
 -1        95-7.00231E+00-1.57302E-02-3.25204E-02 3.93700E-02 8.17001E-01-1.31563E+00
 -1        96-6.30208E+00-1.41581E-02-2.92691E-02 3.93701E-02 7.35300E-01-1.31563E+00
 -1        97-5.60186E+00-1.25883E-02-2.60187E-02 3.93697E-02 6.53600E-01-1.31563E+00
 -1        98-4.90164E+00-1.10122E-02-2.27672E-02 3.93735E-02 5.71897E-01-1.31562E+00
 -1        99-4.20143E+00-9.46826E-03-1.95231E-02 3.93539E-02 4.90191E-01-1.31561E+00
 -1       100-3.50080E+00-7.56368E-03-1.61136E-02 3.93768E-02 4.08535E-01-1.31567E+00
 -1       101-2.79806E+00-5.55478E-03-1.21119E-02 3.89312E-02 3.27182E-01-1.31662E+00
 -1       102-2.09458E+00-1.26959E-03-9.36778E-03 4.10836E-02 2.46955E-01-1.31920E+00
 -1       103-1.29854E+00 2.36365E-02 3.87957E-02 4.59486E-02 1.62266E-01-1.34654E+00
 -1       104-6.98066E-01-6.71090E-02-1.27555E-01 7.71034E-03 8.46723E-02-1.42250E+00
 -1       105-3.82923E-02 1.99592E-01 9.59815E-01-3.90650E-03 3.36637E-01-1.36693E+00
 -1       106-1.43987E+01-6.17098E+00-6.17099E+00-5.90619E-01-3.80271E-06-5.36748E+00
 -1       107-1.17590E+01 2.89981E-01 1.32001E+00-1.25345E-01 5.34373E-02-1.63810E+00
 -1       108-1.31844E+01-1.68128E-01-2.12642E-01 5.61903E-03 1.24085E-01-1.38260E+00
 -1       109-1.19577E+01 9.46336E-03-3.58823E-02 2.45723E-02 1.58027E-02-1.08102E+00
 -1       110-1.11901E+01 1.60019E-02-1.85746E-02 3.15532E-03-9.37755E-04-1.04271E+00
 -1       111-1.04824E+01 1.24571E-02-1.46871E-02 2.27482E-05-3.56117E-03-1.04032E+00
 -1       112-9.78311E+00 1.13674E-02-1.32815E-02-2.98828E-04-2.88975E-03-1.04141E+00
 -1       113-9.08465E+00 1.05217E-02-1.23818E-02-2.48145E-04-2.56284E-03-1.04173E+00
 -1       114-8.38592E+00 9.72130E-03-1.14540E-02-2.15771E-04-2.33705E-03-1.04177E+00
 -1       115-7.68710E+00 8.91361E-03-1.05041E-02-2.12380E-04-2.14312E-03-1.04177E+00
 -1       116-6.98828E+00 8.10375E-03-9.54919E-03-2.12195E-04-1.94902E-03-1.04176E+00
 -1       117-6.28945E+00 7.29333E-03-8.59406E-03-2.12470E-04-1.75437E-03-1.04176E+00
 -1       118-5.59062E+00 6.48273E-03-7.63888E-03-2.11762E-04-1.55975E-03-1.04176E+00
 -1       119-4.89179E+00 5.67313E-03-6.68305E-03-2.13022E-04-1.36662E-03-1.04177E+00
 -1       120-4.19296E+00 4.86494E-03-5.73406E-03-2.06875E-04-1.17580E-03-1.04178E+00
 -1       121-3.49424E+00 4.09153E-03-4.80560E-03-2.91024E-04-9.57306E-04-1.04177E+00
 -1       122-2.79618E+00 3.19548E-03-4.07255E-03-2.76147E-04-5.46469E-04-1.04136E+00
 -1       123-2.09425E+00 4.10850E-03-1.10271E-03-5.64919E-04 5.75152E-04-1.03955E+00
 -1       124-1.34582E+00 1.06299E-02 1.83550E-02 2.08553E-03-4.92809E-04-1.04035E+00
 -1       125-7.12038E-01-5.64530E-02-6.26213E-02-2.77831E-02-2.61708E-03-9.29503E-01
 -1       126-2.61466E-01 5.16654E-02 3.66137E-01-4.62773E-02 1.97929E-01-7.65983E-01
 -1       127-1.43987E+01-6.17098E+00-6.17099E+00 5.90619E-01 3.80271E-06-5.36748E+00
 -1       128-1.17590E+01 2.89981E-01 1.32001E+00 1.25345E-01-5.34373E-02-1.63810E+00
 -1       129-1.31844E+01-1.68128E-01-2.12642E-01-5.61903E-03-1.24085E-01-1.38260E+00
 -1       130-1.19577E+01 9.46336E-03-3.58823E-02-2.45723E-02-1.58027E-02-1.08102E+00
 -1       131-1.11901E+01 1.60019E-02-1.85746E-02-3.15532E-03 9.37755E-04-1.04271E+00
 -1       132-1.04824E+01 1.24571E-02-1.46871E-02-2.27482E-05 3.56117E-03-1.04032E+00
 -1       133-9.78311E+00 1.13674E-02-1.32815E-02 2.98828E-04 2.88975E-03-1.04141E+00
 -1       134-9.08465E+00 1.05217E-02-1.23818E-02 2.48145E-04 2.56284E-03-1.04173E+00
 -1       135-8.38592E+00 9.72130E-03-1.14540E-02 2.15771E-04 2.33705E-03-1.04177E+00
 -1       136-7.68710E+00 8.91361E-03-1.05041E-02 2.12380E-04 2.14312E-03-1.04177E+00
 -1       137-6.98828E+00 8.10375E-03-9.54919E-03 2.12195E-04 1.94902E-03-1.04176E+00
 -1       138-6.28945E+00 7.29333E-03-8.59406E-03 2.12470E-04 1.75437E-03-1.04176E+00
 -1       139-5.59062E+00 6.48273E-03-7.63888E-03 2.11762E-04 1.55975E-03-1.04176E+00
 -1       140-4.89179E+00 5.67313E-03-6.68305E-03 2.13022E-04 1.36662E-03-1.04177E+00
 -1       141-4.19296E+00 4.86494E-03-5.73406E-03 2.06875E-04 1.17580E-03-1.04178E+00
 -1       142-3.49424E+00 4.09153E-03-4.80560E-03 2.91024E-04 9.57306E-04-1.04177E+00
 -1       143-2.79618E+00 3.19548E-03-4.07255E-03 2.76147E-04 5.46469E-04-1.04136E+00
 -1       144-2.09425E+00 4.10850E-03-1.10271E-03 5.64919E-04-5.75152E-04-1.03955E+00
 -1       145-1.34582E+00 1.06299E-02 1.83550E-02-2.08553E-03 4.92809E-04-1.04035E+00
 -1       146-7.12038E-01-5.64530E-02-6.26213E-02 2.77831E-02 2.61708E-03-9.29503E-01
 -1       147-2.61466E-01 5.16654E-02 3.66137E-01 4.62773E-02-1.97929E-01-7.65983E-01
 -1       148-1.62030E+01-6.94425E+00-6.94427E+00 2.04145E+00 1.20073E-06-3.12111E+00
 -1       149-1.18618E+01 5.78600E-01 1.21682E+00 5.82542E-01-1.91263E+00 4.03887E-01
 -1       150-1.23686E+01-3.33769E-02-1.34983E-01-1.05756E-01-1.60643E+00-9.59630E-01
 -1       151-1.16500E+01 8.16955E-02 2.78849E-02-6.26156E-02-1.43329E+00-1.23074E+00
 -1       152-1.11791E+01-1.05692E-02-4.30975E-02-4.33761E-02-1.30890E+00-1.30890E+00
 -1       153-1.05048E+01-2.34508E-02-4.85920E-02-3.98211E-02-1.22499E+00-1.31753E+00
 -1       154-9.80475E+00-2.25454E-02-4.59166E-02-3.92574E-02-1.14346E+00-1.31626E+00
 -1       155-9.10333E+00-2.06158E-02-4.23864E-02-3.93399E-02-1.06207E+00-1.31572E+00
 -1       156-8.40279E+00-1.88867E-02-3.90323E-02-3.93632E-02-9.80400E-01-1.31562E+00
 -1       157-7.70254E+00-1.73029E-02-3.57719E-02-3.93703E-02-8.98703E-01-1.31562E+00
 -1       158-7.00231E+00-1.57302E-02-3.25204E-02-3.93700E-02-8.17001E-01-1.31563E+00
 -1       159-6.30208E+00-1.41581E-02-2.92691E-02-3.93701E-02-7.35300E-01-1.31563E+00
 -1       160-5.60186E+00-1.25883E-02-2.60187E-02-3.93697E-02-6.53600E-01-1.31563E+00
 -1       161-4.90164E+00-1.10122E-02-2.27672E-02-3.93735E-02-5.71897E-01-1.31562E+00
 -1       162-4.20143E+00-9.46826E-03-1.95231E-02-3.93539E-02-4.90191E-01-1.31561E+00
 -1       163-3.50080E+00-7.56368E-03-1.61136E-02-3.93768E-02-4.08535E-01-1.31567E+00
 -1       164-2.79806E+00-5.55478E-03-1.21119E-02-3.89312E-02-3.27182E-01-1.31662E+00
 -1       165-2.09458E+00-1.26959E-03-9.36778E-03-4.10836E-02-2.46955E-01-1.31920E+00
 -1       166-1.29854E+00 2.36365E-02 3.87957E-02-4.59486E-02-1.62266E-01-1.34654E+00
 -1       167-6.98066E-01-6.71090E-02-1.27555E-01-7.71034E-03-8.46723E-02-1.42250E+00
 -1       168-3.82923E-02 1.99592E-01 9.59815E-01 3.90650E-03-3.36637E-01-1.36693E+00
 -1       169 1.62030E+01 6.94425E+00 6.94427E+00 2.04145E+00-1.20073E-06-3.12111E+00
 -1       170 1.18618E+01-5.78600E-01-1.21682E+00 5.82542E-01 1.91263E+00 4.03887E-01
 -1       171 1.23686E+01 3.33769E-02 1.34983E-01-1.05756E-01 1.60643E+00-9.59630E-01
 -1       172 1.16500E+01-8.16955E-02-2.78849E-02-6.26156E-02 1.43329E+00-1.23074E+00
 -1       173 1.11791E+01 1.05692E-02 4.30975E-02-4.33761E-02 1.30890E+00-1.30890E+00
 -1       174 1.05048E+01 2.34508E-02 4.85920E-02-3.98211E-02 1.22499E+00-1.31753E+00
 -1       175 9.80475E+00 2.25454E-02 4.59166E-02-3.92574E-02 1.14346E+00-1.31626E+00
 -1       176 9.10333E+00 2.06158E-02 4.23864E-02-3.93399E-02 1.06207E+00-1.31572E+00
 -1       177 8.40279E+00 1.88867E-02 3.90323E-02-3.93632E-02 9.80400E-01-1.31562E+00
 -1       178 7.70254E+00 1.73029E-02 3.57719E-02-3.93703E-02 8.98703E-01-1.31562E+00
 -1       179 7.00231E+00 1.57302E-02 3.25204E-02-3.93700E-02 8.17001E-01-1.31563E+00
 -1       180 6.30208E+00 1.41581E-02 2.92691E-02-3.93701E-02 7.35300E-01-1.31563E+00
 -1       181 5.60186E+00 1.25883E-02 2.60187E-02-3.93697E-02 6.53600E-01-1.31563E+00
 -1       182 4.90164E+00 1.10122E-02 2.27672E-02-3.93735E-02 5.71897E-01-1.31562E+00
 -1       183 4.20143E+00 9.46826E-03 1.95231E-02-3.93539E-02 4.90191E-01-1.31561E+00
 -1       184 3.50080E+00 7.56368E-03 1.61136E-02-3.93768E-02 4.08535E-01-1.31567E+00
 -1       185 2.79806E+00 5.55478E-03 1.21119E-02-3.89312E-02 3.27182E-01-1.31662E+00
 -1       186 2.09458E+00 1.26959E-03 9.36778E-03-4.10836E-02 2.46955E-01-1.31920E+00
 -1       187 1.29854E+00-2.36365E-02-3.87957E-02-4.59486E-02 1.62266E-01-1.34654E+00
 -1       188 6.98066E-01 6.71090E-02 1.27555E-01-7.71034E-03 8.46723E-02-1.42250E+00
 -1       189 3.82923E-02-1.99592E-01-9.59815E-01 3.90650E-03 3.36637E-01-1.36693E+00
 -1       190 1.43987E+01 6.17098E+00 6.17099E+00 5.90619E-01-3.80271E-06-5.36748E+00
 -1       191 1.17590E+01-2.89981E-01-1.32001E+00 1.25345E-01 5.34373E-02-1.63810E+00
 -1       192 1.31844E+01 1.68128E-01 2.12642E-01-5.61903E-03 1.24085E-01-1.38260E+00
 -1       193 1.19577E+01-9.46336E-03 3.58823E-02-2.45723E-02 1.58027E-02-1.08102E+00
 -1       194 1.11901E+01-1.60019E-02 1.85746E-02-3.15532E-03-9.37755E-04-1.04271E+00
 -1       195 1.04824E+01-1.24571E-02 1.46871E-02-2.27482E-05-3.56117E-03-1.04032E+00
 -1       196 9.78311E+00-1.13674E-02 1.32815E-02 2.98828E-04-2.88975E-03-1.04141E+00
 -1       197 9.08465E+00-1.05217E-02 1.23818E-02 2.48145E-04-2.56284E-03-1.04173E+00
 -1       198 8.38592E+00-9.72130E-03 1.14540E-02 2.15771E-04-2.33705E-03-1.04177E+00
 -1       199 7.68710E+00-8.91361E-03 1.05041E-02 2.12380E-04-2.14312E-03-1.04177E+00
 -1       200 6.98828E+00-8.10375E-03 9.54919E-03 2.12195E-04-1.94902E-03-1.04176E+00
 -1       201 6.28945E+00-7.29333E-03 8.59406E-03 2.12470E-04-1.75437E-03-1.04176E+00
 -1       202 5.59062E+00-6.48273E-03 7.63888E-03 2.11762E-04-1.55975E-03-1.04176E+00
 -1       203 4.89179E+00-5.67313E-03 6.68305E-03 2.13022E-04-1.36662E-03-1.04177E+00
 -1       204 4.19296E+00-4.86494E-03 5.73406E-03 2.06875E-04-1.17580E-03-1.04178E+00
 -1       205 3.49424E+00-4.09153E-03 4.80560E-03 2.91024E-04-9.57306E-04-1.04177E+00
 -1       206 2.79618E+00-3.19548E-03 4.07255E-03 2.76147E-04-5.46469E-04-1.04136E+00
 -1       207 2.09425E+00-4.10850E-03 1.10271E-03 5.64919E-04 5.75152E-04-1.03955E+00
 -1       208 1.34582E+00-1.06299E-02-1.83550E-02-2.08553E-03-4.92809E-04-1.04035E+00
 -1       209 7.12038E-01 5.64530E-02 6.26213E-02 2.77831E-02-2.61708E-03-9.29503E-01
 -1       210 2.61466E-01-5.16654E-02-3.66137E-01 4.62773E-02 1.97929E-01-7.65983E-01
 -1       211 1.43987E+01 6.17098E+00 6.17099E+00-5.90619E-01 3.80271E-06-5.36748E+00
 -1       212 1.17590E+01-2.89981E-01-1.32001E+00-1.25345E-01-5.34373E-02-1.63810E+00
 -1       213 1.31844E+01 1.68128E-01 2.12642E-01 5.61903E-03-1.24085E-01-1.38260E+00
 -1       214 1.19577E+01-9.46336E-03 3.58823E-02 2.45723E-02-1.58027E-02-1.08102E+00
 -1       215 1.11901E+01-1.60019E-02 1.85746E-02 3.15532E-03 9.37755E-04-1.04271E+00
 -1       216 1.04824E+01-1.24571E-02 1.46871E-02 2.27482E-05 3.56117E-03-1.04032E+00
 -1       217 9.78311E+00-1.13674E-02 1.32815E-02-2.98828E-04 2.88975E-03-1.04141E+00
 -1       218 9.08465E+00-1.05217E-02 1.23818E-02-2.48145E-04 2.56284E-03-1.04173E+00
 -1       219 8.38592E+00-9.72130E-03 1.14540E-02-2.15771E-04 2.33705E-03-1.04177E+00
 -1       220 7.68710E+00-8.91361E-03 1.05041E-02-2.12380E-04 2.14312E-03-1.04177E+00
 -1       221 6.98828E+00-8.10375E-03 9.54919E-03-2.12195E-04 1.94902E-03-1.04176E+00
 -1       222 6.28945E+00-7.29333E-03 8.59406E-03-2.12470E-04 1.75437E-03-1.04176E+00
 -1       223 5.59062E+00-6.48273E-03 7.63888E-03-2.11762E-04 1.55975E-03-1.04176E+00
 -1       224 4.89179E+00-5.67313E-03 6.68305E-03-2.13022E-04 1.36662E-03-1.04177E+00
 -1       225 4.19296E+00-4.86494E-03 5.73406E-03-2.06875E-04 1.17580E-03-1.04178E+00
 -1       226 3.49424E+00-4.09153E-03 4.80560E-03-2.91024E-04 9.57306E-04-1.04177E+00
 -1       227 2.79618E+00-3.19548E-03 4.07255E-03-2.76147E-04 5.46469E-04-1.04136E+00
 -1       228 2.09425E+00-4.10850E-03 1.10271E-03-5.64919E-04-5.75152E-04-1.03955E+00
 -1       229 1.34582E+00-1.06299E-02-1.83550E-02 2.08553E-03 4.92809E-04-1.04035E+00
 -1       230 7.12038E-01 5.64530E-02 6.26213E-02-2.77831E-02 2.61708E-03-9.29503E-01
 -1       231 2.61466E-01-5.16654E-02-3.66137E-01-4.62773E-02-1.97929E-01-7.65983E-01
 -1       232 1.62030E+01 6.94425E+00 6.94427E+00-2.04145E+00 1.20073E-06-3.12111E+00
 -1       233 1.18618E+01-5.78600E-01-1.21682E+00-5.82542E-01-1.91263E+00 4.03887E-01
 -1       234 1.23686E+01 3.33769E-02 1.34983E-01 1.05756E-01-1.60643E+00-9.59630E-01
 -1       235 1.16500E+01-8.16955E-02-2.78849E-02 6.26156E-02-1.43329E+00-1.23074E+00
 -1       236 1.11791E+01 1.05692E-02 4.30975E-02 4.33761E-02-1.30890E+00-1.30890E+00
 -1       237 1.05048E+01 2.34508E-02 4.85920E-02 3.98211E-02-1.22499E+00-1.31753E+00
 -1       238 9.80475E+00 2.25454E-02 4.59166E-02 3.92574E-02-1.14346E+00-1.31626E+00
 -1       239 9.10333E+00 2.06158E-02 4.23864E-02 3.93399E-02-1.06207E+00-1.31572E+00
 -1       240 8.40279E+00 1.88867E-02 3.90323E-02 3.93632E-02-9.80400E-01-1.31562E+00
 -1       241 7.70254E+00 1.73029E-02 3.57719E-02 3.93703E-02-8.98703E-01-1.31562E+00
 -1       242 7.00231E+00 1.57302E-02 3.25204E-02 3.93700E-02-8.17001E-01-1.31563E+00
 -1       243 6.30208E+00 1.41581E-02 2.92691E-02 3.93701E-02-7.35300E-01-1.31563E+00
 -1       244 5.60186E+00 1.25883E-02 2.60187E-02 3.93697E-02-6.53600E-01-1.31563E+00
 -1       245 4.90164E+00 1.10122E-02 2.27672E-02 3.93735E-02-5.71897E-01-1.31562E+00
 -1       246 4.20143E+00 9.46826E-03 1.95231E-02 3.93539E-02-4.90191E-01-1.31561E+00
 -1       247 3.50080E+00 7.56368E-03 1.61136E-02 3.93768E-02-4.08535E-01-1.31567E+00
 -1       248 2.79806E+00 5.55478E-03 1.21119E-02 3.89312E-02-3.27182E-01-1.31662E+00
 -1       249 2.09458E+00 1.26959E-03 9.36778E-03 4.10836E-02-2.46955E-01-1.31920E+00
 -1       250 1.29854E+00-2.36365E-02-3.87957E-02 4.59486E-02-1.62266E-01-1.34654E+00
 -1       251 6.98066E-01 6.71090E-02 1.27555E-01 7.71034E-03-8.46723E-02-1.42250E+00
 -1       252 3.82923E-02-1.99592E-01-9.59815E-01-3.90650E-03-3.36637E-01-1.36693E+00
 -1       253 5.13590E+01 2.20112E+01 2.20112E+01 6.27650E+00-1.46974E-06-6.66102E+00
 -1       254 3.87964E+01 6.96113E-01 2.64416E+00 2.48687E+00 1.86645E+00-5.82469E-01
 -1       255 3.89489E+01 2.01913E+00 5.11921E+00-1.56414E-01 1.43447E+00-3.07383E-01
 -1       256 3.71986E+01 1.52036E+00 4.61893E+00-2.14345E-01 1.45833E+00-7.90051E-01
 -1       257 3.53486E+01 1.64215E+00 4.46962E+00-2.53014E-01 1.34672E+00-8.13239E-01
 -1       258 3.31715E+01 1.54867E+00 4.19632E+00-2.34966E-01 1.26430E+00-8.13227E-01
 -1       259 3.09624E+01 1.45078E+00 3.91941E+00-2.34299E-01 1.17932E+00-8.11062E-01
 -1       260 2.87486E+01 1.34587E+00 3.63874E+00-2.33883E-01 1.09523E+00-8.10782E-01
 -1       261 2.65368E+01 1.24227E+00 3.35879E+00-2.33994E-01 1.01097E+00-8.10755E-01
 -1       262 2.43254E+01 1.13869E+00 3.07886E+00-2.34001E-01 9.26732E-01-8.10768E-01
 -1       263 2.21140E+01 1.03518E+00 2.79897E+00-2.34006E-01 8.42482E-01-8.10771E-01
 -1       264 1.99026E+01 9.31661E-01 2.51907E+00-2.34005E-01 7.58234E-01-8.10772E-01
 -1       265 1.76912E+01 8.28145E-01 2.23918E+00-2.34007E-01 6.73986E-01-8.10771E-01
 -1       266 1.54798E+01 7.24644E-01 1.95929E+00-2.34002E-01 5.89734E-01-8.10769E-01
 -1       267 1.32684E+01 6.21056E-01 1.67935E+00-2.33993E-01 5.05503E-01-8.10737E-01
 -1       268 1.10566E+01 5.17442E-01 1.39943E+00-2.33792E-01 4.21198E-01-8.10765E-01
 -1       269 8.84162E+00 4.11558E-01 1.11801E+00-2.34082E-01 3.37404E-01-8.10696E-01
 -1       270 6.62688E+00 3.12712E-01 8.43103E-01-2.33945E-01 2.51052E-01-8.15321E-01
 -1       271 4.47299E+00 2.27997E-01 5.67760E-01-2.61858E-01 1.80244E-01-7.99738E-01
 -1       272 2.75650E+00 4.93091E-01 7.70882E-01-3.83324E-01 2.60658E-02-1.15535E+00
 -1       273 1.20514E+00 3.32268E-01-1.36163E+00-5.58338E-01 6.05458E-01-1.46550E+00
 -1       274 4.85766E+01 2.08187E+01 2.08187E+01 1.76260E+00-4.08855E-06-9.02964E+00
 -1       275 3.90177E+01 2.09854E+00 2.81344E+00 7.30233E-01-1.23240E-02-2.32848E+00
 -1       276 4.01185E+01 2.09404E+00 5.07755E+00 7.65714E-02 2.26765E-02-6.01904E-01
 -1       277 3.77384E+01 1.75282E+00 4.75023E+00-9.01639E-02-1.34325E-03-6.14138E-01
 -1       278 3.54046E+01 1.66257E+00 4.45282E+00-6.02573E-02-6.47261E-04-5.89642E-01
 -1       279 3.31636E+01 1.56058E+00 4.16469E+00-5.66037E-02-2.92709E-03-5.89787E-01
 -1       280 3.09516E+01 1.45793E+00 3.88638E+00-5.46149E-02-2.36706E-03-5.90366E-01
 -1       281 2.87415E+01 1.35387E+00 3.60889E+00-5.47782E-02-2.24325E-03-5.90511E-01
 -1       282 2.65308E+01 1.24971E+00 3.33134E+00-5.47928E-02-2.04943E-03-5.90525E-01
 -1       283 2.43199E+01 1.14556E+00 3.05374E+00-5.48106E-02-1.88088E-03-5.90522E-01
 -1       284 2.21090E+01 1.04141E+00 2.77613E+00-5.48103E-02-1.70949E-03-5.90521E-01
 -1       285 1.98981E+01 9.37272E-01 2.49851E+00-5.48105E-02-1.53865E-03-5.90520E-01
 -1       286 1.76872E+01 8.33131E-01 2.22090E+00-5.48106E-02-1.36804E-03-5.90521E-01
 -1       287 1.54763E+01 7.28988E-01 1.94328E+00-5.48123E-02-1.19604E-03-5.90522E-01
 -1       288 1.32654E+01 6.24831E-01 1.66568E+00-5.47901E-02-1.03211E-03-5.90531E-01
 -1       289 1.10548E+01 5.20649E-01 1.38817E+00-5.47422E-02-8.19022E-04-5.90526E-01
 -1       290 8.84524E+00 4.16335E-01 1.11083E+00-5.44602E-02-7.32003E-04-5.90342E-01
 -1       291 6.63960E+00 3.15881E-01 8.34763E-01-5.55677E-02-2.14182E-04-5.89355E-01
 -1       292 4.40822E+00 2.16411E-01 5.49564E-01-7.38688E-02 1.28477E-03-5.69876E-01
 -1       293 2.40012E+00 3.95813E-01 5.02928E-01-1.12064E-01-4.03642E-02-5.98637E-01
 -1       294 1.28582E+00 7.03792E-01-2.61270E-01-1.74365E-01 3.09812E-01-6.33510E-01
 -1       295 4.85766E+01 2.08187E+01 2.08187E+01-1.76260E+00 4.08855E-06-9.02964E+00
 -1       296 3.90177E+01 2.09854E+00 2.81344E+00-7.30233E-01 1.23240E-02-2.32848E+00
 -1       297 4.01185E+01 2.09404E+00 5.07755E+00-7.65714E-02-2.26765E-02-6.01904E-01
 -1       298 3.77384E+01 1.75282E+00 4.75023E+00 9.01639E-02 1.34325E-03-6.14138E-01
 -1       299 3.54046E+01 1.66257E+00 4.45282E+00 6.02573E-02 6.47261E-04-5.89642E-01
 -1       300 3.31636E+01 1.56058E+00 4.16469E+00 5.66037E-02 2.92709E-03-5.89787E-01
 -1       301 3.09516E+01 1.45793E+00 3.88638E+00 5.46149E-02 2.36706E-03-5.90366E-01
 -1       302 2.87415E+01 1.35387E+00 3.60889E+00 5.47782E-02 2.24325E-03-5.90511E-01
 -1       303 2.65308E+01 1.24971E+00 3.33134E+00 5.47928E-02 2.04943E-03-5.90525E-01
 -1       304 2.43199E+01 1.14556E+00 3.05374E+00 5.48106E-02 1.88088E-03-5.90522E-01
 -1       305 2.21090E+01 1.04141E+00 2.77613E+00 5.48103E-02 1.70949E-03-5.90521E-01
 -1       306 1.98981E+01 9.37272E-01 2.49851E+00 5.48105E-02 1.53865E-03-5.90520E-01
 -1       307 1.76872E+01 8.33131E-01 2.22090E+00 5.48106E-02 1.36804E-03-5.90521E-01
 -1       308 1.54763E+01 7.28988E-01 1.94328E+00 5.48123E-02 1.19604E-03-5.90522E-01
 -1       309 1.32654E+01 6.24831E-01 1.66568E+00 5.47901E-02 1.03211E-03-5.90531E-01
 -1       310 1.10548E+01 5.20649E-01 1.38817E+00 5.47422E-02 8.19022E-04-5.90526E-01
 -1       311 8.84524E+00 4.16335E-01 1.11083E+00 5.44602E-02 7.32003E-04-5.90342E-01
 -1       312 6.63960E+00 3.15881E-01 8.34763E-01 5.55677E-02 2.14182E-04-5.89355E-01
 -1       313 4.40822E+00 2.16411E-01 5.49564E-01 7.38688E-02-1.28477E-03-5.69876E-01
 -1       314 2.40012E+00 3.95813E-01 5.02928E-01 1.12064E-01 4.03642E-02-5.98637E-01
 -1       315 1.28582E+00 7.03792E-01-2.61270E-01 1.74365E-01-3.09812E-01-6.33510E-01
 -1       316 5.13590E+01 2.20112E+01 2.20112E+01-6.27650E+00 1.46974E-06-6.66102E+00
 -1       317 3.87964E+01 6.96113E-01 2.64416E+00-2.48687E+00-1.86645E+00-5.82469E-01
 -1       318 3.89489E+01 2.01913E+00 5.11921E+00 1.56414E-01-1.43447E+00-3.07383E-01
 -1       319 3.71986E+01 1.52036E+00 4.61893E+00 2.14345E-01-1.45833E+00-7.90051E-01
 -1       320 3.53486E+01 1.64215E+00 4.46962E+00 2.53014E-01-1.34672E+00-8.13239E-01
 -1       321 3.31715E+01 1.54867E+00 4.19632E+00 2.34966E-01-1.26430E+00-8.13227E-01
 -1       322 3.09624E+01 1.45078E+00 3.91941E+00 2.34299E-01-1.17932E+00-8.11062E-01
 -1       323 2.87486E+01 1.34587E+00 3.63874E+00 2.33883E-01-1.09523E+00-8.10782E-01
 -1       324 2.65368E+01 1.24227E+00 3.35879E+00 2.33994E-01-1.01097E+00-8.10755E-01
 -1       325 2.43254E+01 1.13869E+00 3.07886E+00 2.34001E-01-9.26732E-01-8.10768E-01
 -1       326 2.21140E+01 1.03518E+00 2.79897E+00 2.34006E-01-8.42482E-01-8.10771E-01
 -1       327 1.99026E+01 9.31661E-01 2.51907E+00 2.34005E-01-7.58234E-01-8.10772E-01
 -1       328 1.76912E+01 8.28145E-01 2.23918E+00 2.34007E-01-6.73986E-01-8.10771E-01
 -1       329 1.54798E+01 7.24644E-01 1.95929E+00 2.34002E-01-5.89734E-01-8.10769E-01
 -1       330 1.32684E+01 6.21056E-01 1.67935E+00 2.33993E-01-5.05503E-01-8.10737E-01
 -1       331 1.10566E+01 5.17442E-01 1.39943E+00 2.33792E-01-4.21198E-01-8.10765E-01
 -1       332 8.84162E+00 4.11558E-01 1.11801E+00 2.34082E-01-3.37404E-01-8.10696E-01
 -1       333 6.62688E+00 3.12712E-01 8.43103E-01 2.33945E-01-2.51052E-01-8.15321E-01
 -1       334 4.47299E+00 2.27997E-01 5.67760E-01 2.61858E-01-1.80244E-01-7.99738E-01
 -1       335 2.75650E+00 4.93091E-01 7.70882E-01 3.83324E-01-2.60658E-02-1.15535E+00
 -1       336 1.20514E+00 3.32268E-01-1.36163E+00 5.58338E-01-6.05458E-01-1.46550E+00
 -3
    1PSTEP                         3           1           1          
  100CL  101 1.000000000         336                     0    1           1
 -4  ERROR       1    1
 -5  STR(%)      1    1    0    0
 -1         1 4.56541E+01
 -1         2 4.56541E+01
 -1         3 3.58072E+01
 -1         4 3.53429E+01
 -1         5 3.44282E+01
 -1         6 3.43452E+01
 -1         7 3.43645E+01
 -1         8 3.43819E+01
 -1         9 3.43991E+01
 -1        10 3.44152E+01
 -1        11 3.44286E+01
 -1        12 3.44358E+01
 -1        13 3.44358E+01
 -1        14 3.44299E+01
 -1        15 3.44213E+01
 -1        16 3.43803E+01
 -1        17 3.42482E+01
 -1        18 3.39172E+01
 -1        19 3.28885E+01
 -1        20 5.37623E+01
 -1        21 5.37623E+01
 -1        22 4.56541E+01
 -1        23 4.56541E+01
 -1        24 3.58072E+01
 -1        25 3.53429E+01
 -1        26 3.44282E+01
 -1        27 3.43540E+01
 -1        28 3.43682E+01
 -1        29 3.43835E+01
 -1        30 3.43995E+01
 -1        31 3.44158E+01
 -1        32 3.44315E+01
 -1        33 3.44448E+01
 -1        34 3.44518E+01
 -1        35 3.44518E+01
 -1        36 3.44442E+01
 -1        37 3.44026E+01
 -1        38 3.42821E+01
 -1        39 3.39331E+01
 -1        40 3.30366E+01
 -1        41 5.37623E+01
 -1        42 5.37623E+01
 -1        43 4.56541E+01
 -1        44 4.56541E+01
 -1        45 3.58072E+01
 -1        46 3.53429E+01
 -1        47 3.44282E+01
 -1        48 3.43540E+01
 -1        49 3.43682E+01
 -1        50 3.43835E+01
 -1        51 3.43995E+01
 -1        52 3.44158E+01
 -1        53 3.44315E+01
 -1        54 3.44448E+01
 -1        55 3.44518E+01
 -1        56 3.44518E+01
 -1        57 3.44442E+01
 -1        58 3.44026E+01
 -1        59 3.42821E+01
 -1        60 3.39331E+01
 -1        61 3.30366E+01
 -1        62 5.37623E+01
 -1        63 5.37623E+01
 -1        64 4.56541E+01
 -1        65 4.56541E+01
 -1        66 3.58072E+01
 -1        67 3.53429E+01
 -1        68 3.44282E+01
 -1        69 3.43452E+01
 -1        70 3.43645E+01
 -1        71 3.43819E+01
 -1        72 3.43991E+01
 -1        73 3.44152E+01
 -1        74 3.44286E+01
 -1        75 3.44358E+01
 -1        76 3.44358E+01
 -1        77 3.44299E+01
 -1        78 3.44213E+01
 -1        79 3.43803E+01
 -1        80 3.42482E+01
 -1        81 3.39172E+01
 -1        82 3.28885E+01
 -1        83 5.37623E+01
 -1        84 5.37623E+01
 -1        85 9.94456E+01
 -1        86 9.94456E+01
 -1        87 8.68298E+01
 -1        88 8.45716E+01
 -1        89 8.44080E+01
 -1        90 8.44080E+01
 -1        91 8.44026E+01
 -1        92 8.43724E+01
 -1        93 8.43313E+01
 -1        94 8.42736E+01
 -1        95 8.41912E+01
 -1        96 8.40722E+01
 -1        97 8.38964E+01
 -1        98 8.36231E+01
 -1        99 8.31528E+01
 -1       100 8.24096E+01
 -1       101 8.08162E+01
 -1       102 7.57855E+01
 -1       103 6.51282E+01
 -1       104 5.37623E+01
 -1       105 5.37623E+01
 -1       106 9.94456E+01
 -1       107 9.94456E+01
 -1       108 8.68298E+01
 -1       109 8.45716E+01
 -1       110 8.44080E+01
 -1       111 8.44080E+01
 -1       112 8.44026E+01
 -1       113 8.43724E+01
 -1       114 8.43313E+01
 -1       115 8.42736E+01
 -1       116 8.41912E+01
 -1       117 8.40722E+01
 -1       118 8.38964E+01
 -1       119 8.36501E+01
 -1       120 8.33893E+01
 -1       121 8.28820E+01
 -1       122 8.15735E+01
 -1       123 7.70709E+01
 -1       124 6.59851E+01
 -1       125 5.37623E+01
 -1       126 5.37623E+01
 -1       127 9.94456E+01
 -1       128 9.94456E+01
 -1       129 8.68298E+01
 -1       130 8.45716E+01
 -1       131 8.44080E+01
 -1       132 8.44080E+01
 -1       133 8.44026E+01
 -1       134 8.43724E+01
 -1       135 8.43313E+01
 -1       136 8.42736E+01
 -1       137 8.41912E+01
 -1       138 8.40722E+01
 -1       139 8.38964E+01
 -1       140 8.36501E+01
 -1       141 8.33893E+01
 -1       142 8.28820E+01
 -1       143 8.15735E+01
 -1       144 7.70709E+01
 -1       145 6.59851E+01
 -1       146 5.37623E+01
 -1       147 5.37623E+01
 -1       148 9.94456E+01
 -1       149 9.94456E+01
 -1       150 8.68298E+01
 -1       151 8.45716E+01
 -1       152 8.44080E+01
 -1       153 8.44080E+01
 -1       154 8.44026E+01
 -1       155 8.43724E+01
 -1       156 8.43313E+01
 -1       157 8.42736E+01
 -1       158 8.41912E+01
 -1       159 8.40722E+01
 -1       160 8.38964E+01
 -1       161 8.36231E+01
 -1       162 8.31528E+01
 -1       163 8.24096E+01
 -1       164 8.08162E+01
 -1       165 7.57855E+01
 -1       166 6.51282E+01
 -1       167 5.37623E+01
 -1       168 5.37623E+01
 -1       169 9.94456E+01
 -1       170 9.94456E+01
 -1       171 8.68298E+01
 -1       172 8.45716E+01
 -1       173 8.44080E+01
 -1       174 8.44080E+01
 -1       175 8.44026E+01
 -1       176 8.43724E+01
 -1       177 8.43313E+01
 -1       178 8.42736E+01
 -1       179 8.41912E+01
 -1       180 8.40722E+01
 -1       181 8.38964E+01
 -1       182 8.36231E+01
 -1       183 8.31528E+01
 -1       184 8.24096E+01
 -1       185 8.08162E+01
 -1       186 7.57855E+01
 -1       187 6.51282E+01
 -1       188 5.37623E+01
 -1       189 5.37623E+01
 -1       190 9.94456E+01
 -1       191 9.94456E+01
 -1       192 8.68298E+01
 -1       193 8.45716E+01
 -1       194 8.44080E+01
 -1       195 8.44080E+01
 -1       196 8.44026E+01
 -1       197 8.43724E+01
 -1       198 8.43313E+01
 -1       199 8.42736E+01
 -1       200 8.41912E+01
 -1       201 8.40722E+01
 -1       202 8.38964E+01
 -1       203 8.36501E+01
 -1       204 8.33893E+01
 -1       205 8.28820E+01
 -1       206 8.15735E+01
 -1       207 7.70709E+01
 -1       208 6.59851E+01
 -1       209 5.37623E+01
 -1       210 5.37623E+01
 -1       211 9.94456E+01
 -1       212 9.94456E+01
 -1       213 8.68298E+01
 -1       214 8.45716E+01
 -1       215 8.44080E+01
 -1       216 8.44080E+01
 -1       217 8.44026E+01
 -1       218 8.43724E+01
 -1       219 8.43313E+01
 -1       220 8.42736E+01
 -1       221 8.41912E+01
 -1       222 8.40722E+01
 -1       223 8.38964E+01
 -1       224 8.36501E+01
 -1       225 8.33893E+01
 -1       226 8.28820E+01
 -1       227 8.15735E+01
 -1       228 7.70709E+01
 -1       229 6.59851E+01
 -1       230 5.37623E+01
 -1       231 5.37623E+01
 -1       232 9.94456E+01
 -1       233 9.94456E+01
 -1       234 8.68298E+01
 -1       235 8.45716E+01
 -1       236 8.44080E+01
 -1       237 8.44080E+01
 -1       238 8.44026E+01
 -1       239 8.43724E+01
 -1       240 8.43313E+01
 -1       241 8.42736E+01
 -1       242 8.41912E+01
 -1       243 8.40722E+01
 -1       244 8.38964E+01
 -1       245 8.36231E+01
 -1       246 8.31528E+01
 -1       247 8.24096E+01
 -1       248 8.08162E+01
 -1       249 7.57855E+01
 -1       250 6.51282E+01
 -1       251 5.37623E+01
 -1       252 5.37623E+01
 -1       253 4.56541E+01
 -1       254 4.56541E+01
 -1       255 3.58072E+01
 -1       256 3.53429E+01
 -1       257 3.44282E+01
 -1       258 3.43452E+01
 -1       259 3.43645E+01
 -1       260 3.43819E+01
 -1       261 3.43991E+01
 -1       262 3.44152E+01
 -1       263 3.44286E+01
 -1       264 3.44358E+01
 -1       265 3.44358E+01
 -1       266 3.44299E+01
 -1       267 3.44213E+01
 -1       268 3.43803E+01
 -1       269 3.42482E+01
 -1       270 3.39172E+01
 -1       271 3.28885E+01
 -1       272 5.37623E+01
 -1       273 5.37623E+01
 -1       274 4.56541E+01
 -1       275 4.56541E+01
 -1       276 3.58072E+01
 -1       277 3.53429E+01
 -1       278 3.44282E+01
 -1       279 3.43540E+01
 -1       280 3.43682E+01
 -1       281 3.43835E+01
 -1       282 3.43995E+01
 -1       283 3.44158E+01
 -1       284 3.44315E+01
 -1       285 3.44448E+01
 -1       286 3.44518E+01
 -1       287 3.44518E+01
 -1       288 3.44442E+01
 -1       289 3.44026E+01
 -1       290 3.42821E+01
 -1       291 3.39331E+01
 -1       292 3.30366E+01
 -1       293 5.37623E+01
 -1       294 5.37623E+01
 -1       295 4.56541E+01
 -1       296 4.56541E+01
 -1       297 3.58072E+01
 -1       298 3.53429E+01
 -1       299 3.44282E+01
 -1       300 3.43540E+01
 -1       301 3.43682E+01
 -1       302 3.43835E+01
 -1       303 3.43995E+01
 -1       304 3.44158E+01
 -1       305 3.44315E+01
 -1       306 3.44448E+01
 -1       307 3.44518E+01
 -1       308 3.44518E+01
 -1       309 3.44442E+01
 -1       310 3.44026E+01
 -1       311 3.42821E+01
 -1       312 3.39331E+01
 -1       313 3.30366E+01
 -1       314 5.37623E+01
 -1       315 5.37623E+01
 -1       316 4.56541E+01
 -1       317 4.56541E+01
 -1       318 3.58072E+01
 -1       319 3.53429E+01
 -1       320 3.44282E+01
 -1       321 3.43452E+01
 -1       322 3.43645E+01
 -1       323 3.43819E+01
 -1       324 3.43991E+01
 -1       325 3.44152E+01
 -1       326 3.44286E+01
 -1       327 3.44358E+01
 -1       328 3.44358E+01
 -1       329 3.44299E+01
 -1       330 3.44213E+01
 -1       331 3.43803E+01
 -1       332 3.42482E+01
 -1       333 3.39172E+01
 -1       334 3.28885E+01
 -1       335 5.37623E+01
 -1       336 5.37623E+01
 -3
 9999
